------127.0.0.1 REQUEST_URI:/wb_Finance/Index/index------
[ 2012-10-09T22:03:28+08:00 ] INFO: Tag[ route_check ] --START--
[ 2012-10-09T22:03:28+08:00 ] INFO: Run CheckRoute Behavior [ RunTime:0.002238s ]
[ 2012-10-09T22:03:28+08:00 ] INFO: Tag[ route_check ] --END-- [ RunTime:0.002468s ]
[ 2012-10-09T22:03:28+08:00 ] NOTIC: [8] Undefined index: HTTP_X_REQUESTED_WITH App.class.php 第 50 行.
[ 2012-10-09T22:03:28+08:00 ] INFO: Tag[ app_begin ] --START--
[ 2012-10-09T22:03:28+08:00 ] INFO: Run ReadHtmlCache Behavior [ RunTime:0.001927s ]
[ 2012-10-09T22:03:28+08:00 ] INFO: Tag[ app_begin ] --END-- [ RunTime:0.002146s ]
[ 2012-10-09T22:03:28+08:00 ] INFO: Tag[ view_template ] --START--
[ 2012-10-09T22:03:28+08:00 ] INFO: Run LocationTemplate Behavior [ RunTime:0.002109s ]
[ 2012-10-09T22:03:28+08:00 ] INFO: Tag[ view_template ] --END-- [ RunTime:0.002379s ]
[ 2012-10-09T22:03:28+08:00 ] INFO: Tag[ view_parse ] --START--
[ 2012-10-09T22:03:28+08:00 ] INFO: Run ParseTemplate Behavior [ RunTime:0.017977s ]
[ 2012-10-09T22:03:28+08:00 ] INFO: Tag[ view_parse ] --END-- [ RunTime:0.018511s ]
[ 2012-10-09T22:03:28+08:00 ] INFO: Tag[ view_filter ] --START--
[ 2012-10-09T22:03:28+08:00 ] INFO: Run ContentReplace Behavior [ RunTime:0.001288s ]
[ 2012-10-09T22:03:28+08:00 ] INFO: Run TokenBuild Behavior [ RunTime:0.001481s ]
[ 2012-10-09T22:03:28+08:00 ] INFO: Run WriteHtmlCache Behavior [ RunTime:0.001265s ]
[ 2012-10-09T22:03:28+08:00 ] INFO: Run ShowRuntime Behavior [ RunTime:0.001628s ]
[ 2012-10-09T22:03:28+08:00 ] INFO: Tag[ view_filter ] --END-- [ RunTime:0.006284s ]
[ 2012-10-09T22:03:28+08:00 ] INFO: Tag[ view_end ] --START--
[ 2012-10-09T22:03:28+08:00 ] INFO: Run ShowPageTrace Behavior [ RunTime:0.001319s ]
[ 2012-10-09T22:03:28+08:00 ] INFO: Tag[ view_end ] --END-- [ RunTime:0.001538s ]

------127.0.0.1 REQUEST_URI:/wb_Finance/Public/top------
[ 2012-10-09T22:03:28+08:00 ] INFO: Tag[ route_check ] --START--
[ 2012-10-09T22:03:28+08:00 ] INFO: Run CheckRoute Behavior [ RunTime:0.006477s ]
[ 2012-10-09T22:03:28+08:00 ] INFO: Tag[ route_check ] --END-- [ RunTime:0.006729s ]
[ 2012-10-09T22:03:28+08:00 ] NOTIC: [8] Undefined index: HTTP_X_REQUESTED_WITH App.class.php 第 50 行.
[ 2012-10-09T22:03:28+08:00 ] INFO: Tag[ app_begin ] --START--
[ 2012-10-09T22:03:28+08:00 ] INFO: Run ReadHtmlCache Behavior [ RunTime:0.001417s ]
[ 2012-10-09T22:03:28+08:00 ] INFO: Tag[ app_begin ] --END-- [ RunTime:0.001627s ]
[ 2012-10-09T22:03:28+08:00 ] INFO: Tag[ view_template ] --START--
[ 2012-10-09T22:03:28+08:00 ] INFO: Run LocationTemplate Behavior [ RunTime:0.002087s ]
[ 2012-10-09T22:03:28+08:00 ] INFO: Tag[ view_template ] --END-- [ RunTime:0.002327s ]
[ 2012-10-09T22:03:28+08:00 ] INFO: Tag[ view_parse ] --START--
[ 2012-10-09T22:03:28+08:00 ] INFO: Run ParseTemplate Behavior [ RunTime:0.017463s ]
[ 2012-10-09T22:03:28+08:00 ] INFO: Tag[ view_parse ] --END-- [ RunTime:0.017705s ]
[ 2012-10-09T22:03:28+08:00 ] INFO: Tag[ view_filter ] --START--
[ 2012-10-09T22:03:28+08:00 ] INFO: Run ContentReplace Behavior [ RunTime:0.001634s ]
[ 2012-10-09T22:03:28+08:00 ] INFO: Run TokenBuild Behavior [ RunTime:0.001303s ]
[ 2012-10-09T22:03:28+08:00 ] INFO: Run WriteHtmlCache Behavior [ RunTime:0.000920s ]
[ 2012-10-09T22:03:28+08:00 ] INFO: Run ShowRuntime Behavior [ RunTime:0.001625s ]
[ 2012-10-09T22:03:28+08:00 ] INFO: Tag[ view_filter ] --END-- [ RunTime:0.006117s ]
[ 2012-10-09T22:03:28+08:00 ] INFO: Tag[ view_end ] --START--
[ 2012-10-09T22:03:28+08:00 ] INFO: Run ShowPageTrace Behavior [ RunTime:0.001228s ]
[ 2012-10-09T22:03:28+08:00 ] INFO: Tag[ view_end ] --END-- [ RunTime:0.001453s ]

------127.0.0.1 REQUEST_URI:/wb_Finance/Public/nav------
[ 2012-10-09T22:03:28+08:00 ] INFO: Tag[ route_check ] --START--
[ 2012-10-09T22:03:28+08:00 ] INFO: Run CheckRoute Behavior [ RunTime:0.001831s ]
[ 2012-10-09T22:03:28+08:00 ] INFO: Tag[ route_check ] --END-- [ RunTime:0.002047s ]
[ 2012-10-09T22:03:28+08:00 ] NOTIC: [8] Undefined index: HTTP_X_REQUESTED_WITH App.class.php 第 50 行.
[ 2012-10-09T22:03:28+08:00 ] INFO: Tag[ app_begin ] --START--
[ 2012-10-09T22:03:28+08:00 ] INFO: Run ReadHtmlCache Behavior [ RunTime:0.001520s ]
[ 2012-10-09T22:03:28+08:00 ] INFO: Tag[ app_begin ] --END-- [ RunTime:0.001757s ]
[ 2012-10-09T22:03:28+08:00 ] INFO: Tag[ view_template ] --START--
[ 2012-10-09T22:03:28+08:00 ] INFO: Run LocationTemplate Behavior [ RunTime:0.001494s ]
[ 2012-10-09T22:03:28+08:00 ] INFO: Tag[ view_template ] --END-- [ RunTime:0.001738s ]
[ 2012-10-09T22:03:28+08:00 ] INFO: Tag[ view_parse ] --START--
[ 2012-10-09T22:03:28+08:00 ] INFO: Run ParseTemplate Behavior [ RunTime:0.061632s ]
[ 2012-10-09T22:03:28+08:00 ] INFO: Tag[ view_parse ] --END-- [ RunTime:0.061865s ]
[ 2012-10-09T22:03:28+08:00 ] INFO: Tag[ view_filter ] --START--
[ 2012-10-09T22:03:28+08:00 ] INFO: Run ContentReplace Behavior [ RunTime:0.001204s ]
[ 2012-10-09T22:03:28+08:00 ] INFO: Run TokenBuild Behavior [ RunTime:0.001371s ]
[ 2012-10-09T22:03:28+08:00 ] INFO: Run WriteHtmlCache Behavior [ RunTime:0.001022s ]
[ 2012-10-09T22:03:28+08:00 ] INFO: Run ShowRuntime Behavior [ RunTime:0.001679s ]
[ 2012-10-09T22:03:28+08:00 ] INFO: Tag[ view_filter ] --END-- [ RunTime:0.007164s ]
[ 2012-10-09T22:03:28+08:00 ] INFO: Tag[ view_end ] --START--
[ 2012-10-09T22:03:28+08:00 ] INFO: Run ShowPageTrace Behavior [ RunTime:0.002486s ]
[ 2012-10-09T22:03:28+08:00 ] INFO: Tag[ view_end ] --END-- [ RunTime:0.002734s ]

------127.0.0.1 REQUEST_URI:/wb_Finance/Public/main------
[ 2012-10-09T22:03:28+08:00 ] INFO: Tag[ route_check ] --START--
[ 2012-10-09T22:03:28+08:00 ] INFO: Run CheckRoute Behavior [ RunTime:0.001839s ]
[ 2012-10-09T22:03:28+08:00 ] INFO: Tag[ route_check ] --END-- [ RunTime:0.002092s ]
[ 2012-10-09T22:03:28+08:00 ] NOTIC: [8] Undefined index: HTTP_X_REQUESTED_WITH App.class.php 第 50 行.
[ 2012-10-09T22:03:28+08:00 ] INFO: Tag[ app_begin ] --START--
[ 2012-10-09T22:03:28+08:00 ] INFO: Run ReadHtmlCache Behavior [ RunTime:0.001607s ]
[ 2012-10-09T22:03:28+08:00 ] INFO: Tag[ app_begin ] --END-- [ RunTime:0.001836s ]
[ 2012-10-09T22:03:28+08:00 ] INFO: Tag[ view_template ] --START--
[ 2012-10-09T22:03:28+08:00 ] INFO: Run LocationTemplate Behavior [ RunTime:0.002190s ]
[ 2012-10-09T22:03:28+08:00 ] INFO: Tag[ view_template ] --END-- [ RunTime:0.002446s ]
[ 2012-10-09T22:03:28+08:00 ] INFO: Tag[ view_parse ] --START--
[ 2012-10-09T22:03:28+08:00 ] INFO: Run ParseTemplate Behavior [ RunTime:0.020114s ]
[ 2012-10-09T22:03:28+08:00 ] INFO: Tag[ view_parse ] --END-- [ RunTime:0.020402s ]
[ 2012-10-09T22:03:28+08:00 ] INFO: Tag[ view_filter ] --START--
[ 2012-10-09T22:03:28+08:00 ] INFO: Run ContentReplace Behavior [ RunTime:0.001461s ]
[ 2012-10-09T22:03:28+08:00 ] INFO: Run TokenBuild Behavior [ RunTime:0.002010s ]
[ 2012-10-09T22:03:28+08:00 ] INFO: Run WriteHtmlCache Behavior [ RunTime:0.001633s ]
[ 2012-10-09T22:03:28+08:00 ] INFO: Run ShowRuntime Behavior [ RunTime:0.001809s ]
[ 2012-10-09T22:03:28+08:00 ] INFO: Tag[ view_filter ] --END-- [ RunTime:0.007648s ]
[ 2012-10-09T22:03:28+08:00 ] INFO: Tag[ view_end ] --START--
[ 2012-10-09T22:03:28+08:00 ] INFO: Run ShowPageTrace Behavior [ RunTime:0.001558s ]
[ 2012-10-09T22:03:28+08:00 ] INFO: Tag[ view_end ] --END-- [ RunTime:0.001822s ]

------127.0.0.1 REQUEST_URI:/wb_Finance/Public/footer------
[ 2012-10-09T22:03:28+08:00 ] INFO: Tag[ route_check ] --START--
[ 2012-10-09T22:03:28+08:00 ] INFO: Run CheckRoute Behavior [ RunTime:0.002216s ]
[ 2012-10-09T22:03:28+08:00 ] INFO: Tag[ route_check ] --END-- [ RunTime:0.002476s ]
[ 2012-10-09T22:03:28+08:00 ] NOTIC: [8] Undefined index: HTTP_X_REQUESTED_WITH App.class.php 第 50 行.
[ 2012-10-09T22:03:28+08:00 ] INFO: Tag[ app_begin ] --START--
[ 2012-10-09T22:03:28+08:00 ] INFO: Run ReadHtmlCache Behavior [ RunTime:0.001574s ]
[ 2012-10-09T22:03:28+08:00 ] INFO: Tag[ app_begin ] --END-- [ RunTime:0.001805s ]
[ 2012-10-09T22:03:28+08:00 ] INFO: Tag[ view_template ] --START--
[ 2012-10-09T22:03:28+08:00 ] INFO: Run LocationTemplate Behavior [ RunTime:0.001748s ]
[ 2012-10-09T22:03:28+08:00 ] INFO: Tag[ view_template ] --END-- [ RunTime:0.001999s ]
[ 2012-10-09T22:03:28+08:00 ] INFO: Tag[ view_parse ] --START--
[ 2012-10-09T22:03:28+08:00 ] INFO: Run ParseTemplate Behavior [ RunTime:0.018224s ]
[ 2012-10-09T22:03:28+08:00 ] INFO: Tag[ view_parse ] --END-- [ RunTime:0.018455s ]
[ 2012-10-09T22:03:28+08:00 ] INFO: Tag[ view_filter ] --START--
[ 2012-10-09T22:03:28+08:00 ] INFO: Run ContentReplace Behavior [ RunTime:0.001211s ]
[ 2012-10-09T22:03:28+08:00 ] INFO: Run TokenBuild Behavior [ RunTime:0.001327s ]
[ 2012-10-09T22:03:28+08:00 ] INFO: Run WriteHtmlCache Behavior [ RunTime:0.001007s ]
[ 2012-10-09T22:03:28+08:00 ] INFO: Run ShowRuntime Behavior [ RunTime:0.001510s ]
[ 2012-10-09T22:03:28+08:00 ] INFO: Tag[ view_filter ] --END-- [ RunTime:0.005677s ]
[ 2012-10-09T22:03:28+08:00 ] INFO: Tag[ view_end ] --START--
[ 2012-10-09T22:03:28+08:00 ] INFO: Run ShowPageTrace Behavior [ RunTime:0.001630s ]
[ 2012-10-09T22:03:28+08:00 ] INFO: Tag[ view_end ] --END-- [ RunTime:0.001852s ]

------127.0.0.1 REQUEST_URI:/wb_Finance/Main/expend------
[ 2012-10-09T22:03:28+08:00 ] INFO: Tag[ route_check ] --START--
[ 2012-10-09T22:03:28+08:00 ] INFO: Run CheckRoute Behavior [ RunTime:0.003391s ]
[ 2012-10-09T22:03:28+08:00 ] INFO: Tag[ route_check ] --END-- [ RunTime:0.003652s ]
[ 2012-10-09T22:03:28+08:00 ] NOTIC: [8] Undefined index: HTTP_X_REQUESTED_WITH App.class.php 第 50 行.
[ 2012-10-09T22:03:28+08:00 ] INFO: Tag[ app_begin ] --START--
[ 2012-10-09T22:03:28+08:00 ] INFO: Run ReadHtmlCache Behavior [ RunTime:0.001742s ]
[ 2012-10-09T22:03:28+08:00 ] INFO: Tag[ app_begin ] --END-- [ RunTime:0.001993s ]
[ 2012-10-09T22:03:29+08:00 ] SQL: SHOW COLUMNS FROM `wb_user` [ RunTime:0.011627s ]
[ 2012-10-09T22:03:29+08:00 ] SQL: SELECT * FROM `wb_user` WHERE name='www' LIMIT 1   [ RunTime:0.001135s ]
[ 2012-10-09T22:03:29+08:00 ] SQL: SHOW COLUMNS FROM `wb_bill` [ RunTime:0.008185s ]
[ 2012-10-09T22:03:29+08:00 ] SQL: SELECT * FROM `wb_bill` WHERE typeId=1&&userId=2  [ RunTime:0.000921s ]
[ 2012-10-09T22:03:29+08:00 ] SQL: SELECT COUNT(*) AS tp_count FROM `wb_bill` WHERE typeId=1&&userId=2 LIMIT 1   [ RunTime:0.041399s ]
[ 2012-10-09T22:03:29+08:00 ] SQL: SHOW COLUMNS FROM `wb_category` [ RunTime:0.008094s ]
[ 2012-10-09T22:03:29+08:00 ] SQL: SELECT * FROM `wb_category` WHERE typeId=1  [ RunTime:0.002355s ]
[ 2012-10-09T22:03:29+08:00 ] SQL: SELECT * FROM `wb_category` WHERE id=0 LIMIT 1   [ RunTime:0.000850s ]
[ 2012-10-09T22:03:29+08:00 ] SQL: SELECT * FROM `wb_category` WHERE id=0 LIMIT 1   [ RunTime:0.000809s ]
[ 2012-10-09T22:03:29+08:00 ] SQL: SELECT * FROM `wb_category` WHERE id=0 LIMIT 1   [ RunTime:0.000934s ]
[ 2012-10-09T22:03:29+08:00 ] SQL: SELECT * FROM `wb_category` WHERE id=0 LIMIT 1   [ RunTime:0.002527s ]
[ 2012-10-09T22:03:29+08:00 ] SQL: SELECT * FROM `wb_category` WHERE id=0 LIMIT 1   [ RunTime:0.000746s ]
[ 2012-10-09T22:03:29+08:00 ] SQL: SELECT * FROM `wb_category` WHERE id=0 LIMIT 1   [ RunTime:0.001087s ]
[ 2012-10-09T22:03:29+08:00 ] SQL: SELECT * FROM `wb_category` WHERE id=0 LIMIT 1   [ RunTime:0.000836s ]
[ 2012-10-09T22:03:29+08:00 ] SQL: SELECT * FROM `wb_category` WHERE id=0 LIMIT 1   [ RunTime:0.000730s ]
[ 2012-10-09T22:03:29+08:00 ] SQL: SELECT * FROM `wb_category` WHERE id=0 LIMIT 1   [ RunTime:0.000779s ]
[ 2012-10-09T22:03:29+08:00 ] SQL: SELECT * FROM `wb_category` WHERE id=0 LIMIT 1   [ RunTime:0.000722s ]
[ 2012-10-09T22:03:29+08:00 ] SQL: SELECT * FROM `wb_category` WHERE id=1 LIMIT 1   [ RunTime:0.000720s ]
[ 2012-10-09T22:03:29+08:00 ] SQL: SELECT * FROM `wb_category` WHERE id=0 LIMIT 1   [ RunTime:0.001102s ]
[ 2012-10-09T22:03:29+08:00 ] SQL: SELECT * FROM `wb_category` WHERE id=0 LIMIT 1   [ RunTime:0.000728s ]
[ 2012-10-09T22:03:29+08:00 ] SQL: SELECT * FROM `wb_category` WHERE id=0 LIMIT 1   [ RunTime:0.000774s ]
[ 2012-10-09T22:03:29+08:00 ] INFO: Tag[ view_template ] --START--
[ 2012-10-09T22:03:29+08:00 ] INFO: Run LocationTemplate Behavior [ RunTime:0.001424s ]
[ 2012-10-09T22:03:29+08:00 ] INFO: Tag[ view_template ] --END-- [ RunTime:0.001660s ]
[ 2012-10-09T22:03:29+08:00 ] INFO: Tag[ view_parse ] --START--
[ 2012-10-09T22:03:29+08:00 ] NOTIC: [8] Undefined variable: expendSearchList e6a905869079c42b048a6c428f91c3f8.php 第 87 行.
[ 2012-10-09T22:03:29+08:00 ] NOTIC: [8] Undefined variable: categoryList e6a905869079c42b048a6c428f91c3f8.php 第 115 行.
[ 2012-10-09T22:03:29+08:00 ] INFO: Run ParseTemplate Behavior [ RunTime:0.035546s ]
[ 2012-10-09T22:03:29+08:00 ] INFO: Tag[ view_parse ] --END-- [ RunTime:0.035764s ]
[ 2012-10-09T22:03:29+08:00 ] INFO: Tag[ view_filter ] --START--
[ 2012-10-09T22:03:29+08:00 ] INFO: Run ContentReplace Behavior [ RunTime:0.001185s ]
[ 2012-10-09T22:03:29+08:00 ] INFO: Run TokenBuild Behavior [ RunTime:0.001389s ]
[ 2012-10-09T22:03:29+08:00 ] INFO: Run WriteHtmlCache Behavior [ RunTime:0.000891s ]
[ 2012-10-09T22:03:29+08:00 ] INFO: Run ShowRuntime Behavior [ RunTime:0.001491s ]
[ 2012-10-09T22:03:29+08:00 ] INFO: Tag[ view_filter ] --END-- [ RunTime:0.005643s ]
[ 2012-10-09T22:03:29+08:00 ] INFO: Tag[ view_end ] --START--
[ 2012-10-09T22:03:29+08:00 ] INFO: Run ShowPageTrace Behavior [ RunTime:0.001213s ]
[ 2012-10-09T22:03:29+08:00 ] INFO: Tag[ view_end ] --END-- [ RunTime:0.001419s ]

------127.0.0.1 REQUEST_URI:/wb_Finance/Login/login------
[ 2012-10-09T22:03:30+08:00 ] INFO: Tag[ route_check ] --START--
[ 2012-10-09T22:03:30+08:00 ] INFO: Run CheckRoute Behavior [ RunTime:0.002165s ]
[ 2012-10-09T22:03:30+08:00 ] INFO: Tag[ route_check ] --END-- [ RunTime:0.002422s ]
[ 2012-10-09T22:03:30+08:00 ] NOTIC: [8] Undefined index: HTTP_X_REQUESTED_WITH App.class.php 第 50 行.
[ 2012-10-09T22:03:30+08:00 ] INFO: Tag[ app_begin ] --START--
[ 2012-10-09T22:03:30+08:00 ] INFO: Run ReadHtmlCache Behavior [ RunTime:0.001774s ]
[ 2012-10-09T22:03:30+08:00 ] INFO: Tag[ app_begin ] --END-- [ RunTime:0.002015s ]
[ 2012-10-09T22:03:30+08:00 ] INFO: Tag[ view_template ] --START--
[ 2012-10-09T22:03:30+08:00 ] INFO: Run LocationTemplate Behavior [ RunTime:0.001856s ]
[ 2012-10-09T22:03:30+08:00 ] INFO: Tag[ view_template ] --END-- [ RunTime:0.002083s ]
[ 2012-10-09T22:03:30+08:00 ] INFO: Tag[ view_parse ] --START--
[ 2012-10-09T22:03:30+08:00 ] NOTIC: [8] Undefined variable: msg a6fa9a93c472a123a4b2592c9a9ec5ca.php 第 14 行.
[ 2012-10-09T22:03:30+08:00 ] NOTIC: [8] Undefined variable: name a6fa9a93c472a123a4b2592c9a9ec5ca.php 第 18 行.
[ 2012-10-09T22:03:30+08:00 ] NOTIC: [8] Undefined variable: pwd a6fa9a93c472a123a4b2592c9a9ec5ca.php 第 19 行.
[ 2012-10-09T22:03:30+08:00 ] INFO: Run ParseTemplate Behavior [ RunTime:0.019417s ]
[ 2012-10-09T22:03:30+08:00 ] INFO: Tag[ view_parse ] --END-- [ RunTime:0.019623s ]
[ 2012-10-09T22:03:30+08:00 ] INFO: Tag[ view_filter ] --START--
[ 2012-10-09T22:03:30+08:00 ] INFO: Run ContentReplace Behavior [ RunTime:0.001070s ]
[ 2012-10-09T22:03:30+08:00 ] INFO: Run TokenBuild Behavior [ RunTime:0.001322s ]
[ 2012-10-09T22:03:30+08:00 ] INFO: Run WriteHtmlCache Behavior [ RunTime:0.000827s ]
[ 2012-10-09T22:03:30+08:00 ] INFO: Run ShowRuntime Behavior [ RunTime:0.001370s ]
[ 2012-10-09T22:03:30+08:00 ] INFO: Tag[ view_filter ] --END-- [ RunTime:0.005170s ]
[ 2012-10-09T22:03:30+08:00 ] INFO: Tag[ view_end ] --START--
[ 2012-10-09T22:03:30+08:00 ] INFO: Run ShowPageTrace Behavior [ RunTime:0.001171s ]
[ 2012-10-09T22:03:30+08:00 ] INFO: Tag[ view_end ] --END-- [ RunTime:0.001372s ]

------127.0.0.1 REQUEST_URI:/wb_Finance/Index/index------
[ 2012-10-09T22:03:33+08:00 ] INFO: Tag[ route_check ] --START--
[ 2012-10-09T22:03:33+08:00 ] INFO: Run CheckRoute Behavior [ RunTime:0.001832s ]
[ 2012-10-09T22:03:33+08:00 ] INFO: Tag[ route_check ] --END-- [ RunTime:0.002069s ]
[ 2012-10-09T22:03:33+08:00 ] NOTIC: [8] Undefined index: HTTP_X_REQUESTED_WITH App.class.php 第 50 行.
[ 2012-10-09T22:03:33+08:00 ] INFO: Tag[ app_begin ] --START--
[ 2012-10-09T22:03:33+08:00 ] INFO: Run ReadHtmlCache Behavior [ RunTime:0.001638s ]
[ 2012-10-09T22:03:33+08:00 ] INFO: Tag[ app_begin ] --END-- [ RunTime:0.001886s ]
[ 2012-10-09T22:03:33+08:00 ] INFO: Tag[ view_template ] --START--
[ 2012-10-09T22:03:33+08:00 ] INFO: Run LocationTemplate Behavior [ RunTime:0.001816s ]
[ 2012-10-09T22:03:33+08:00 ] INFO: Tag[ view_template ] --END-- [ RunTime:0.002062s ]
[ 2012-10-09T22:03:33+08:00 ] INFO: Tag[ view_parse ] --START--
[ 2012-10-09T22:03:33+08:00 ] INFO: Run ParseTemplate Behavior [ RunTime:0.014238s ]
[ 2012-10-09T22:03:33+08:00 ] INFO: Tag[ view_parse ] --END-- [ RunTime:0.014469s ]
[ 2012-10-09T22:03:33+08:00 ] INFO: Tag[ view_filter ] --START--
[ 2012-10-09T22:03:33+08:00 ] INFO: Run ContentReplace Behavior [ RunTime:0.001069s ]
[ 2012-10-09T22:03:33+08:00 ] INFO: Run TokenBuild Behavior [ RunTime:0.001250s ]
[ 2012-10-09T22:03:33+08:00 ] INFO: Run WriteHtmlCache Behavior [ RunTime:0.000857s ]
[ 2012-10-09T22:03:33+08:00 ] INFO: Run ShowRuntime Behavior [ RunTime:0.001372s ]
[ 2012-10-09T22:03:33+08:00 ] INFO: Tag[ view_filter ] --END-- [ RunTime:0.005126s ]
[ 2012-10-09T22:03:33+08:00 ] INFO: Tag[ view_end ] --START--
[ 2012-10-09T22:03:33+08:00 ] INFO: Run ShowPageTrace Behavior [ RunTime:0.001155s ]
[ 2012-10-09T22:03:33+08:00 ] INFO: Tag[ view_end ] --END-- [ RunTime:0.001352s ]

------127.0.0.1 REQUEST_URI:/wb_Finance/Public/top------
[ 2012-10-09T22:03:33+08:00 ] INFO: Tag[ route_check ] --START--
[ 2012-10-09T22:03:33+08:00 ] INFO: Run CheckRoute Behavior [ RunTime:0.001994s ]
[ 2012-10-09T22:03:33+08:00 ] INFO: Tag[ route_check ] --END-- [ RunTime:0.002227s ]
[ 2012-10-09T22:03:33+08:00 ] NOTIC: [8] Undefined index: HTTP_X_REQUESTED_WITH App.class.php 第 50 行.
[ 2012-10-09T22:03:33+08:00 ] INFO: Tag[ app_begin ] --START--
[ 2012-10-09T22:03:33+08:00 ] INFO: Run ReadHtmlCache Behavior [ RunTime:0.001775s ]
[ 2012-10-09T22:03:33+08:00 ] INFO: Tag[ app_begin ] --END-- [ RunTime:0.002183s ]
[ 2012-10-09T22:03:33+08:00 ] INFO: Tag[ view_template ] --START--
[ 2012-10-09T22:03:33+08:00 ] INFO: Run LocationTemplate Behavior [ RunTime:0.002401s ]
[ 2012-10-09T22:03:33+08:00 ] INFO: Tag[ view_template ] --END-- [ RunTime:0.002660s ]
[ 2012-10-09T22:03:33+08:00 ] INFO: Tag[ view_parse ] --START--
[ 2012-10-09T22:03:33+08:00 ] INFO: Run ParseTemplate Behavior [ RunTime:0.023342s ]
[ 2012-10-09T22:03:33+08:00 ] INFO: Tag[ view_parse ] --END-- [ RunTime:0.023597s ]
[ 2012-10-09T22:03:33+08:00 ] INFO: Tag[ view_filter ] --START--
[ 2012-10-09T22:03:33+08:00 ] INFO: Run ContentReplace Behavior [ RunTime:0.001512s ]
[ 2012-10-09T22:03:33+08:00 ] INFO: Run TokenBuild Behavior [ RunTime:0.001310s ]
[ 2012-10-09T22:03:33+08:00 ] INFO: Run WriteHtmlCache Behavior [ RunTime:0.001184s ]
[ 2012-10-09T22:03:33+08:00 ] INFO: Run ShowRuntime Behavior [ RunTime:0.001458s ]
[ 2012-10-09T22:03:33+08:00 ] INFO: Tag[ view_filter ] --END-- [ RunTime:0.006124s ]
[ 2012-10-09T22:03:33+08:00 ] INFO: Tag[ view_end ] --START--
[ 2012-10-09T22:03:33+08:00 ] INFO: Run ShowPageTrace Behavior [ RunTime:0.026639s ]
[ 2012-10-09T22:03:33+08:00 ] INFO: Tag[ view_end ] --END-- [ RunTime:0.026857s ]

------127.0.0.1 REQUEST_URI:/wb_Finance/Public/main------
[ 2012-10-09T22:03:33+08:00 ] INFO: Tag[ route_check ] --START--
[ 2012-10-09T22:03:33+08:00 ] INFO: Run CheckRoute Behavior [ RunTime:0.007186s ]
[ 2012-10-09T22:03:33+08:00 ] INFO: Tag[ route_check ] --END-- [ RunTime:0.007464s ]
[ 2012-10-09T22:03:33+08:00 ] NOTIC: [8] Undefined index: HTTP_X_REQUESTED_WITH App.class.php 第 50 行.
[ 2012-10-09T22:03:33+08:00 ] INFO: Tag[ app_begin ] --START--
[ 2012-10-09T22:03:33+08:00 ] INFO: Run ReadHtmlCache Behavior [ RunTime:0.018048s ]
[ 2012-10-09T22:03:33+08:00 ] INFO: Tag[ app_begin ] --END-- [ RunTime:0.018291s ]
[ 2012-10-09T22:03:33+08:00 ] INFO: Tag[ view_template ] --START--
[ 2012-10-09T22:03:33+08:00 ] INFO: Run LocationTemplate Behavior [ RunTime:0.008012s ]
[ 2012-10-09T22:03:33+08:00 ] INFO: Tag[ view_template ] --END-- [ RunTime:0.008285s ]
[ 2012-10-09T22:03:33+08:00 ] INFO: Tag[ view_parse ] --START--
[ 2012-10-09T22:03:33+08:00 ] INFO: Run ParseTemplate Behavior [ RunTime:0.018285s ]
[ 2012-10-09T22:03:33+08:00 ] INFO: Tag[ view_parse ] --END-- [ RunTime:0.018540s ]
[ 2012-10-09T22:03:33+08:00 ] INFO: Tag[ view_filter ] --START--
[ 2012-10-09T22:03:33+08:00 ] INFO: Run ContentReplace Behavior [ RunTime:0.001138s ]
[ 2012-10-09T22:03:33+08:00 ] INFO: Run TokenBuild Behavior [ RunTime:0.001317s ]
[ 2012-10-09T22:03:33+08:00 ] INFO: Run WriteHtmlCache Behavior [ RunTime:0.000844s ]
[ 2012-10-09T22:03:33+08:00 ] INFO: Run ShowRuntime Behavior [ RunTime:0.001382s ]
[ 2012-10-09T22:03:33+08:00 ] INFO: Tag[ view_filter ] --END-- [ RunTime:0.005304s ]
[ 2012-10-09T22:03:33+08:00 ] INFO: Tag[ view_end ] --START--
[ 2012-10-09T22:03:33+08:00 ] INFO: Run ShowPageTrace Behavior [ RunTime:0.001153s ]
[ 2012-10-09T22:03:33+08:00 ] INFO: Tag[ view_end ] --END-- [ RunTime:0.001372s ]

------127.0.0.1 REQUEST_URI:/wb_Finance/Public/footer------
[ 2012-10-09T22:03:33+08:00 ] INFO: Tag[ route_check ] --START--
[ 2012-10-09T22:03:33+08:00 ] INFO: Run CheckRoute Behavior [ RunTime:0.007400s ]
[ 2012-10-09T22:03:33+08:00 ] INFO: Tag[ route_check ] --END-- [ RunTime:0.008226s ]
[ 2012-10-09T22:03:33+08:00 ] NOTIC: [8] Undefined index: HTTP_X_REQUESTED_WITH App.class.php 第 50 行.
[ 2012-10-09T22:03:33+08:00 ] INFO: Tag[ app_begin ] --START--
[ 2012-10-09T22:03:33+08:00 ] INFO: Run ReadHtmlCache Behavior [ RunTime:0.006691s ]
[ 2012-10-09T22:03:33+08:00 ] INFO: Tag[ app_begin ] --END-- [ RunTime:0.006923s ]
[ 2012-10-09T22:03:33+08:00 ] INFO: Tag[ view_template ] --START--
[ 2012-10-09T22:03:33+08:00 ] INFO: Run LocationTemplate Behavior [ RunTime:0.002604s ]
[ 2012-10-09T22:03:33+08:00 ] INFO: Tag[ view_template ] --END-- [ RunTime:0.002855s ]
[ 2012-10-09T22:03:33+08:00 ] INFO: Tag[ view_parse ] --START--
[ 2012-10-09T22:03:33+08:00 ] INFO: Run ParseTemplate Behavior [ RunTime:0.018415s ]
[ 2012-10-09T22:03:33+08:00 ] INFO: Tag[ view_parse ] --END-- [ RunTime:0.018651s ]
[ 2012-10-09T22:03:33+08:00 ] INFO: Tag[ view_filter ] --START--
[ 2012-10-09T22:03:33+08:00 ] INFO: Run ContentReplace Behavior [ RunTime:0.004071s ]
[ 2012-10-09T22:03:33+08:00 ] INFO: Run TokenBuild Behavior [ RunTime:0.002829s ]
[ 2012-10-09T22:03:33+08:00 ] INFO: Run WriteHtmlCache Behavior [ RunTime:0.001784s ]
[ 2012-10-09T22:03:33+08:00 ] INFO: Run ShowRuntime Behavior [ RunTime:0.001687s ]
[ 2012-10-09T22:03:33+08:00 ] INFO: Tag[ view_filter ] --END-- [ RunTime:0.011097s ]
[ 2012-10-09T22:03:33+08:00 ] INFO: Tag[ view_end ] --START--
[ 2012-10-09T22:03:33+08:00 ] INFO: Run ShowPageTrace Behavior [ RunTime:0.001457s ]
[ 2012-10-09T22:03:33+08:00 ] INFO: Tag[ view_end ] --END-- [ RunTime:0.001688s ]

------127.0.0.1 REQUEST_URI:/wb_Finance/Public/nav------
[ 2012-10-09T22:03:33+08:00 ] INFO: Tag[ route_check ] --START--
[ 2012-10-09T22:03:33+08:00 ] INFO: Run CheckRoute Behavior [ RunTime:0.003031s ]
[ 2012-10-09T22:03:33+08:00 ] INFO: Tag[ route_check ] --END-- [ RunTime:0.003281s ]
[ 2012-10-09T22:03:33+08:00 ] NOTIC: [8] Undefined index: HTTP_X_REQUESTED_WITH App.class.php 第 50 行.
[ 2012-10-09T22:03:33+08:00 ] INFO: Tag[ app_begin ] --START--
[ 2012-10-09T22:03:33+08:00 ] INFO: Run ReadHtmlCache Behavior [ RunTime:0.001498s ]
[ 2012-10-09T22:03:33+08:00 ] INFO: Tag[ app_begin ] --END-- [ RunTime:0.001732s ]
[ 2012-10-09T22:03:33+08:00 ] INFO: Tag[ view_template ] --START--
[ 2012-10-09T22:03:33+08:00 ] INFO: Run LocationTemplate Behavior [ RunTime:0.001154s ]
[ 2012-10-09T22:03:33+08:00 ] INFO: Tag[ view_template ] --END-- [ RunTime:0.001393s ]
[ 2012-10-09T22:03:33+08:00 ] INFO: Tag[ view_parse ] --START--
[ 2012-10-09T22:03:33+08:00 ] INFO: Run ParseTemplate Behavior [ RunTime:0.020523s ]
[ 2012-10-09T22:03:33+08:00 ] INFO: Tag[ view_parse ] --END-- [ RunTime:0.020774s ]
[ 2012-10-09T22:03:33+08:00 ] INFO: Tag[ view_filter ] --START--
[ 2012-10-09T22:03:33+08:00 ] INFO: Run ContentReplace Behavior [ RunTime:0.001251s ]
[ 2012-10-09T22:03:33+08:00 ] INFO: Run TokenBuild Behavior [ RunTime:0.001606s ]
[ 2012-10-09T22:03:33+08:00 ] INFO: Run WriteHtmlCache Behavior [ RunTime:0.000903s ]
[ 2012-10-09T22:03:33+08:00 ] INFO: Run ShowRuntime Behavior [ RunTime:0.001352s ]
[ 2012-10-09T22:03:33+08:00 ] INFO: Tag[ view_filter ] --END-- [ RunTime:0.005707s ]
[ 2012-10-09T22:03:33+08:00 ] INFO: Tag[ view_end ] --START--
[ 2012-10-09T22:03:33+08:00 ] INFO: Run ShowPageTrace Behavior [ RunTime:0.001154s ]
[ 2012-10-09T22:03:33+08:00 ] INFO: Tag[ view_end ] --END-- [ RunTime:0.001353s ]

------127.0.0.1 REQUEST_URI:/wb_Finance/Main/expend------
[ 2012-10-09T22:03:33+08:00 ] INFO: Tag[ route_check ] --START--
[ 2012-10-09T22:03:33+08:00 ] INFO: Run CheckRoute Behavior [ RunTime:0.002117s ]
[ 2012-10-09T22:03:33+08:00 ] INFO: Tag[ route_check ] --END-- [ RunTime:0.002371s ]
[ 2012-10-09T22:03:33+08:00 ] NOTIC: [8] Undefined index: HTTP_X_REQUESTED_WITH App.class.php 第 50 行.
[ 2012-10-09T22:03:33+08:00 ] INFO: Tag[ app_begin ] --START--
[ 2012-10-09T22:03:33+08:00 ] INFO: Run ReadHtmlCache Behavior [ RunTime:0.001724s ]
[ 2012-10-09T22:03:33+08:00 ] INFO: Tag[ app_begin ] --END-- [ RunTime:0.001951s ]
[ 2012-10-09T22:03:33+08:00 ] SQL: SHOW COLUMNS FROM `wb_user` [ RunTime:0.008538s ]
[ 2012-10-09T22:03:33+08:00 ] SQL: SELECT * FROM `wb_user` WHERE name='www' LIMIT 1   [ RunTime:0.001121s ]
[ 2012-10-09T22:03:34+08:00 ] SQL: SHOW COLUMNS FROM `wb_bill` [ RunTime:0.008191s ]
[ 2012-10-09T22:03:34+08:00 ] SQL: SELECT * FROM `wb_bill` WHERE typeId=1&&userId=2  [ RunTime:0.001332s ]
[ 2012-10-09T22:03:34+08:00 ] SQL: SELECT COUNT(*) AS tp_count FROM `wb_bill` WHERE typeId=1&&userId=2 LIMIT 1   [ RunTime:0.001233s ]
[ 2012-10-09T22:03:34+08:00 ] SQL: SHOW COLUMNS FROM `wb_category` [ RunTime:0.008423s ]
[ 2012-10-09T22:03:34+08:00 ] SQL: SELECT * FROM `wb_category` WHERE typeId=1  [ RunTime:0.001221s ]
[ 2012-10-09T22:03:34+08:00 ] SQL: SELECT * FROM `wb_category` WHERE id=0 LIMIT 1   [ RunTime:0.001211s ]
[ 2012-10-09T22:03:34+08:00 ] SQL: SELECT * FROM `wb_category` WHERE id=0 LIMIT 1   [ RunTime:0.001222s ]
[ 2012-10-09T22:03:34+08:00 ] SQL: SELECT * FROM `wb_category` WHERE id=0 LIMIT 1   [ RunTime:0.001502s ]
[ 2012-10-09T22:03:34+08:00 ] SQL: SELECT * FROM `wb_category` WHERE id=0 LIMIT 1   [ RunTime:0.001322s ]
[ 2012-10-09T22:03:34+08:00 ] SQL: SELECT * FROM `wb_category` WHERE id=0 LIMIT 1   [ RunTime:0.001094s ]
[ 2012-10-09T22:03:34+08:00 ] SQL: SELECT * FROM `wb_category` WHERE id=0 LIMIT 1   [ RunTime:0.001053s ]
[ 2012-10-09T22:03:34+08:00 ] SQL: SELECT * FROM `wb_category` WHERE id=0 LIMIT 1   [ RunTime:0.001252s ]
[ 2012-10-09T22:03:34+08:00 ] SQL: SELECT * FROM `wb_category` WHERE id=0 LIMIT 1   [ RunTime:0.001098s ]
[ 2012-10-09T22:03:34+08:00 ] SQL: SELECT * FROM `wb_category` WHERE id=0 LIMIT 1   [ RunTime:0.001180s ]
[ 2012-10-09T22:03:34+08:00 ] SQL: SELECT * FROM `wb_category` WHERE id=0 LIMIT 1   [ RunTime:0.001066s ]
[ 2012-10-09T22:03:34+08:00 ] SQL: SELECT * FROM `wb_category` WHERE id=1 LIMIT 1   [ RunTime:0.001078s ]
[ 2012-10-09T22:03:34+08:00 ] SQL: SELECT * FROM `wb_category` WHERE id=0 LIMIT 1   [ RunTime:0.001098s ]
[ 2012-10-09T22:03:34+08:00 ] SQL: SELECT * FROM `wb_category` WHERE id=0 LIMIT 1   [ RunTime:0.001090s ]
[ 2012-10-09T22:03:34+08:00 ] SQL: SELECT * FROM `wb_category` WHERE id=0 LIMIT 1   [ RunTime:0.001217s ]
[ 2012-10-09T22:03:34+08:00 ] INFO: Tag[ view_template ] --START--
[ 2012-10-09T22:03:34+08:00 ] INFO: Run LocationTemplate Behavior [ RunTime:0.001379s ]
[ 2012-10-09T22:03:34+08:00 ] INFO: Tag[ view_template ] --END-- [ RunTime:0.001612s ]
[ 2012-10-09T22:03:34+08:00 ] INFO: Tag[ view_parse ] --START--
[ 2012-10-09T22:03:34+08:00 ] NOTIC: [8] Undefined variable: expendSearchList e6a905869079c42b048a6c428f91c3f8.php 第 87 行.
[ 2012-10-09T22:03:34+08:00 ] NOTIC: [8] Undefined variable: categoryList e6a905869079c42b048a6c428f91c3f8.php 第 115 行.
[ 2012-10-09T22:03:34+08:00 ] INFO: Run ParseTemplate Behavior [ RunTime:0.036855s ]
[ 2012-10-09T22:03:34+08:00 ] INFO: Tag[ view_parse ] --END-- [ RunTime:0.037073s ]
[ 2012-10-09T22:03:34+08:00 ] INFO: Tag[ view_filter ] --START--
[ 2012-10-09T22:03:34+08:00 ] INFO: Run ContentReplace Behavior [ RunTime:0.001345s ]
[ 2012-10-09T22:03:34+08:00 ] INFO: Run TokenBuild Behavior [ RunTime:0.001579s ]
[ 2012-10-09T22:03:34+08:00 ] INFO: Run WriteHtmlCache Behavior [ RunTime:0.001011s ]
[ 2012-10-09T22:03:34+08:00 ] INFO: Run ShowRuntime Behavior [ RunTime:0.001626s ]
[ 2012-10-09T22:03:34+08:00 ] INFO: Tag[ view_filter ] --END-- [ RunTime:0.006196s ]
[ 2012-10-09T22:03:34+08:00 ] INFO: Tag[ view_end ] --START--
[ 2012-10-09T22:03:34+08:00 ] INFO: Run ShowPageTrace Behavior [ RunTime:0.001364s ]
[ 2012-10-09T22:03:34+08:00 ] INFO: Tag[ view_end ] --END-- [ RunTime:0.001586s ]

------127.0.0.1 REQUEST_URI:/wb_Finance/Main/income------
[ 2012-10-09T22:03:35+08:00 ] INFO: Tag[ route_check ] --START--
[ 2012-10-09T22:03:35+08:00 ] INFO: Run CheckRoute Behavior [ RunTime:0.001724s ]
[ 2012-10-09T22:03:35+08:00 ] INFO: Tag[ route_check ] --END-- [ RunTime:0.001944s ]
[ 2012-10-09T22:03:35+08:00 ] NOTIC: [8] Undefined index: HTTP_X_REQUESTED_WITH App.class.php 第 50 行.
[ 2012-10-09T22:03:35+08:00 ] INFO: Tag[ app_begin ] --START--
[ 2012-10-09T22:03:35+08:00 ] INFO: Run ReadHtmlCache Behavior [ RunTime:0.001396s ]
[ 2012-10-09T22:03:35+08:00 ] INFO: Tag[ app_begin ] --END-- [ RunTime:0.001599s ]
[ 2012-10-09T22:03:35+08:00 ] SQL: SHOW COLUMNS FROM `wb_bill` [ RunTime:0.006693s ]
[ 2012-10-09T22:03:35+08:00 ] SQL: SHOW COLUMNS FROM `wb_user` [ RunTime:0.006582s ]
[ 2012-10-09T22:03:35+08:00 ] SQL: SELECT * FROM `wb_user` WHERE name='www' LIMIT 1   [ RunTime:0.000830s ]
[ 2012-10-09T22:03:35+08:00 ] SQL: SELECT * FROM `wb_bill` WHERE typeId=0&&userId=2  [ RunTime:0.001044s ]
[ 2012-10-09T22:03:35+08:00 ] SQL: SHOW COLUMNS FROM `wb_category` [ RunTime:0.006462s ]
[ 2012-10-09T22:03:35+08:00 ] SQL: SELECT * FROM `wb_category` WHERE typeId=0  [ RunTime:0.000777s ]
[ 2012-10-09T22:03:35+08:00 ] SQL: SELECT * FROM `wb_category` WHERE id=4 LIMIT 1   [ RunTime:0.001221s ]
[ 2012-10-09T22:03:35+08:00 ] SQL: SELECT * FROM `wb_category` WHERE id=4 LIMIT 1   [ RunTime:0.001413s ]
[ 2012-10-09T22:03:35+08:00 ] SQL: SELECT * FROM `wb_category` WHERE id=4 LIMIT 1   [ RunTime:0.001346s ]
[ 2012-10-09T22:03:35+08:00 ] SQL: SELECT * FROM `wb_category` WHERE id=4 LIMIT 1   [ RunTime:0.001239s ]
[ 2012-10-09T22:03:35+08:00 ] SQL: SELECT * FROM `wb_category` WHERE id=4 LIMIT 1   [ RunTime:0.001043s ]
[ 2012-10-09T22:03:35+08:00 ] INFO: Tag[ view_template ] --START--
[ 2012-10-09T22:03:35+08:00 ] INFO: Run LocationTemplate Behavior [ RunTime:0.001295s ]
[ 2012-10-09T22:03:35+08:00 ] INFO: Tag[ view_template ] --END-- [ RunTime:0.001514s ]
[ 2012-10-09T22:03:35+08:00 ] INFO: Tag[ view_parse ] --START--
[ 2012-10-09T22:03:35+08:00 ] NOTIC: [8] Undefined variable: incomeSearchList 481aee43d2412f98a3d9c4bd0b5f412e.php 第 85 行.
[ 2012-10-09T22:03:35+08:00 ] INFO: Run ParseTemplate Behavior [ RunTime:0.029033s ]
[ 2012-10-09T22:03:35+08:00 ] INFO: Tag[ view_parse ] --END-- [ RunTime:0.029233s ]
[ 2012-10-09T22:03:35+08:00 ] INFO: Tag[ view_filter ] --START--
[ 2012-10-09T22:03:35+08:00 ] INFO: Run ContentReplace Behavior [ RunTime:0.001138s ]
[ 2012-10-09T22:03:35+08:00 ] INFO: Run TokenBuild Behavior [ RunTime:0.001331s ]
[ 2012-10-09T22:03:35+08:00 ] INFO: Run WriteHtmlCache Behavior [ RunTime:0.000822s ]
[ 2012-10-09T22:03:35+08:00 ] INFO: Run ShowRuntime Behavior [ RunTime:0.001354s ]
[ 2012-10-09T22:03:35+08:00 ] INFO: Tag[ view_filter ] --END-- [ RunTime:0.005215s ]
[ 2012-10-09T22:03:35+08:00 ] INFO: Tag[ view_end ] --START--
[ 2012-10-09T22:03:35+08:00 ] INFO: Run ShowPageTrace Behavior [ RunTime:0.001150s ]
[ 2012-10-09T22:03:35+08:00 ] INFO: Tag[ view_end ] --END-- [ RunTime:0.001351s ]

------127.0.0.1 REQUEST_URI:/wb_Finance/Main/expend_column------
[ 2012-10-09T22:03:36+08:00 ] INFO: Tag[ route_check ] --START--
[ 2012-10-09T22:03:36+08:00 ] INFO: Run CheckRoute Behavior [ RunTime:0.001741s ]
[ 2012-10-09T22:03:36+08:00 ] INFO: Tag[ route_check ] --END-- [ RunTime:0.001965s ]
[ 2012-10-09T22:03:36+08:00 ] NOTIC: [8] Undefined index: HTTP_X_REQUESTED_WITH App.class.php 第 50 行.
[ 2012-10-09T22:03:36+08:00 ] INFO: Tag[ app_begin ] --START--
[ 2012-10-09T22:03:36+08:00 ] INFO: Run ReadHtmlCache Behavior [ RunTime:0.001396s ]
[ 2012-10-09T22:03:36+08:00 ] INFO: Tag[ app_begin ] --END-- [ RunTime:0.001598s ]
[ 2012-10-09T22:03:36+08:00 ] SQL: SHOW COLUMNS FROM `wb_bill` [ RunTime:0.009175s ]
[ 2012-10-09T22:03:36+08:00 ] SQL: SHOW COLUMNS FROM `wb_user` [ RunTime:0.008681s ]
[ 2012-10-09T22:03:36+08:00 ] SQL: SELECT * FROM `wb_user` WHERE name='www' LIMIT 1   [ RunTime:0.000807s ]
[ 2012-10-09T22:03:36+08:00 ] SQL: SELECT * FROM `wb_bill` WHERE year(time)=2012 and userId=2 and typeId=1  [ RunTime:0.000906s ]
[ 2012-10-09T22:03:36+08:00 ] NOTIC: [8] Undefined variable: data MainAction.class.php 第 183 行.
[ 2012-10-09T22:03:36+08:00 ] NOTIC: [8] Undefined offset: 10 MainAction.class.php 第 183 行.
[ 2012-10-09T22:03:36+08:00 ] NOTIC: [8] Undefined offset: 1 MainAction.class.php 第 183 行.
[ 2012-10-09T22:03:36+08:00 ] NOTIC: [8] Undefined offset: 2 MainAction.class.php 第 183 行.
[ 2012-10-09T22:03:36+08:00 ] NOTIC: [8] Undefined offset: 3 MainAction.class.php 第 183 行.
[ 2012-10-09T22:03:36+08:00 ] NOTIC: [8] Undefined offset: 4 MainAction.class.php 第 183 行.
[ 2012-10-09T22:03:36+08:00 ] NOTIC: [8] Undefined offset: 5 MainAction.class.php 第 183 行.
[ 2012-10-09T22:03:36+08:00 ] NOTIC: [8] Undefined offset: 6 MainAction.class.php 第 183 行.
[ 2012-10-09T22:03:36+08:00 ] NOTIC: [8] Undefined offset: 7 MainAction.class.php 第 183 行.
[ 2012-10-09T22:03:36+08:00 ] NOTIC: [8] Undefined offset: 8 MainAction.class.php 第 183 行.
[ 2012-10-09T22:03:36+08:00 ] NOTIC: [8] Undefined offset: 9 MainAction.class.php 第 183 行.
[ 2012-10-09T22:03:36+08:00 ] NOTIC: [8] Undefined offset: 11 MainAction.class.php 第 183 行.
[ 2012-10-09T22:03:36+08:00 ] NOTIC: [8] Undefined offset: 12 MainAction.class.php 第 183 行.
[ 2012-10-09T22:03:36+08:00 ] INFO: Tag[ view_template ] --START--
[ 2012-10-09T22:03:36+08:00 ] INFO: Run LocationTemplate Behavior [ RunTime:0.001864s ]
[ 2012-10-09T22:03:36+08:00 ] INFO: Tag[ view_template ] --END-- [ RunTime:0.002085s ]
[ 2012-10-09T22:03:36+08:00 ] INFO: Tag[ view_parse ] --START--
[ 2012-10-09T22:03:36+08:00 ] INFO: Run ParseTemplate Behavior [ RunTime:0.019346s ]
[ 2012-10-09T22:03:36+08:00 ] INFO: Tag[ view_parse ] --END-- [ RunTime:0.019572s ]
[ 2012-10-09T22:03:36+08:00 ] INFO: Tag[ view_filter ] --START--
[ 2012-10-09T22:03:36+08:00 ] INFO: Run ContentReplace Behavior [ RunTime:0.001100s ]
[ 2012-10-09T22:03:36+08:00 ] INFO: Run TokenBuild Behavior [ RunTime:0.001324s ]
[ 2012-10-09T22:03:36+08:00 ] INFO: Run WriteHtmlCache Behavior [ RunTime:0.001171s ]
[ 2012-10-09T22:03:36+08:00 ] INFO: Run ShowRuntime Behavior [ RunTime:0.001488s ]
[ 2012-10-09T22:03:36+08:00 ] INFO: Tag[ view_filter ] --END-- [ RunTime:0.005697s ]
[ 2012-10-09T22:03:36+08:00 ] INFO: Tag[ view_end ] --START--
[ 2012-10-09T22:03:36+08:00 ] INFO: Run ShowPageTrace Behavior [ RunTime:0.001148s ]
[ 2012-10-09T22:03:36+08:00 ] INFO: Tag[ view_end ] --END-- [ RunTime:0.001349s ]

------127.0.0.1 REQUEST_URI:/wb_Finance/Index/index------
[ 2012-10-09T22:03:46+08:00 ] INFO: Tag[ route_check ] --START--
[ 2012-10-09T22:03:46+08:00 ] INFO: Run CheckRoute Behavior [ RunTime:0.001711s ]
[ 2012-10-09T22:03:46+08:00 ] INFO: Tag[ route_check ] --END-- [ RunTime:0.001932s ]
[ 2012-10-09T22:03:46+08:00 ] NOTIC: [8] Undefined index: HTTP_X_REQUESTED_WITH App.class.php 第 50 行.
[ 2012-10-09T22:03:46+08:00 ] INFO: Tag[ app_begin ] --START--
[ 2012-10-09T22:03:46+08:00 ] INFO: Run ReadHtmlCache Behavior [ RunTime:0.001672s ]
[ 2012-10-09T22:03:46+08:00 ] INFO: Tag[ app_begin ] --END-- [ RunTime:0.001992s ]
[ 2012-10-09T22:03:46+08:00 ] INFO: Tag[ view_template ] --START--
[ 2012-10-09T22:03:46+08:00 ] INFO: Run LocationTemplate Behavior [ RunTime:0.001831s ]
[ 2012-10-09T22:03:46+08:00 ] INFO: Tag[ view_template ] --END-- [ RunTime:0.002056s ]
[ 2012-10-09T22:03:46+08:00 ] INFO: Tag[ view_parse ] --START--
[ 2012-10-09T22:03:46+08:00 ] INFO: Run ParseTemplate Behavior [ RunTime:0.014503s ]
[ 2012-10-09T22:03:46+08:00 ] INFO: Tag[ view_parse ] --END-- [ RunTime:0.014723s ]
[ 2012-10-09T22:03:46+08:00 ] INFO: Tag[ view_filter ] --START--
[ 2012-10-09T22:03:46+08:00 ] INFO: Run ContentReplace Behavior [ RunTime:0.001073s ]
[ 2012-10-09T22:03:46+08:00 ] INFO: Run TokenBuild Behavior [ RunTime:0.001175s ]
[ 2012-10-09T22:03:46+08:00 ] INFO: Run WriteHtmlCache Behavior [ RunTime:0.000824s ]
[ 2012-10-09T22:03:46+08:00 ] INFO: Run ShowRuntime Behavior [ RunTime:0.001345s ]
[ 2012-10-09T22:03:46+08:00 ] INFO: Tag[ view_filter ] --END-- [ RunTime:0.004986s ]
[ 2012-10-09T22:03:46+08:00 ] INFO: Tag[ view_end ] --START--
[ 2012-10-09T22:03:46+08:00 ] INFO: Run ShowPageTrace Behavior [ RunTime:0.001174s ]
[ 2012-10-09T22:03:46+08:00 ] INFO: Tag[ view_end ] --END-- [ RunTime:0.001374s ]

------127.0.0.1 REQUEST_URI:/wb_Finance/Public/top------
[ 2012-10-09T22:03:46+08:00 ] INFO: Tag[ route_check ] --START--
[ 2012-10-09T22:03:46+08:00 ] INFO: Run CheckRoute Behavior [ RunTime:0.001858s ]
[ 2012-10-09T22:03:46+08:00 ] INFO: Tag[ route_check ] --END-- [ RunTime:0.002103s ]
[ 2012-10-09T22:03:46+08:00 ] NOTIC: [8] Undefined index: HTTP_X_REQUESTED_WITH App.class.php 第 50 行.
[ 2012-10-09T22:03:46+08:00 ] INFO: Tag[ app_begin ] --START--
[ 2012-10-09T22:03:46+08:00 ] INFO: Run ReadHtmlCache Behavior [ RunTime:0.001598s ]
[ 2012-10-09T22:03:46+08:00 ] INFO: Tag[ app_begin ] --END-- [ RunTime:0.001885s ]
[ 2012-10-09T22:03:46+08:00 ] INFO: Tag[ view_template ] --START--
[ 2012-10-09T22:03:46+08:00 ] INFO: Run LocationTemplate Behavior [ RunTime:0.001939s ]
[ 2012-10-09T22:03:46+08:00 ] INFO: Tag[ view_template ] --END-- [ RunTime:0.002188s ]
[ 2012-10-09T22:03:46+08:00 ] INFO: Tag[ view_parse ] --START--
[ 2012-10-09T22:03:46+08:00 ] INFO: Run ParseTemplate Behavior [ RunTime:0.030826s ]
[ 2012-10-09T22:03:46+08:00 ] INFO: Tag[ view_parse ] --END-- [ RunTime:0.031075s ]
[ 2012-10-09T22:03:46+08:00 ] INFO: Tag[ view_filter ] --START--
[ 2012-10-09T22:03:46+08:00 ] INFO: Run ContentReplace Behavior [ RunTime:0.001134s ]
[ 2012-10-09T22:03:46+08:00 ] INFO: Run TokenBuild Behavior [ RunTime:0.002687s ]
[ 2012-10-09T22:03:46+08:00 ] INFO: Run WriteHtmlCache Behavior [ RunTime:0.000958s ]
[ 2012-10-09T22:03:46+08:00 ] INFO: Run ShowRuntime Behavior [ RunTime:0.039654s ]
[ 2012-10-09T22:03:46+08:00 ] INFO: Tag[ view_filter ] --END-- [ RunTime:0.045092s ]
[ 2012-10-09T22:03:46+08:00 ] INFO: Tag[ view_end ] --START--
[ 2012-10-09T22:03:46+08:00 ] INFO: Run ShowPageTrace Behavior [ RunTime:0.001298s ]
[ 2012-10-09T22:03:46+08:00 ] INFO: Tag[ view_end ] --END-- [ RunTime:0.001523s ]

------127.0.0.1 REQUEST_URI:/wb_Finance/Public/nav------
[ 2012-10-09T22:03:46+08:00 ] INFO: Tag[ route_check ] --START--
[ 2012-10-09T22:03:46+08:00 ] INFO: Run CheckRoute Behavior [ RunTime:0.001862s ]
[ 2012-10-09T22:03:46+08:00 ] INFO: Tag[ route_check ] --END-- [ RunTime:0.002132s ]
[ 2012-10-09T22:03:46+08:00 ] NOTIC: [8] Undefined index: HTTP_X_REQUESTED_WITH App.class.php 第 50 行.
[ 2012-10-09T22:03:46+08:00 ] INFO: Tag[ app_begin ] --START--
[ 2012-10-09T22:03:46+08:00 ] INFO: Run ReadHtmlCache Behavior [ RunTime:0.001509s ]
[ 2012-10-09T22:03:46+08:00 ] INFO: Tag[ app_begin ] --END-- [ RunTime:0.001741s ]
[ 2012-10-09T22:03:46+08:00 ] INFO: Tag[ view_template ] --START--
[ 2012-10-09T22:03:46+08:00 ] INFO: Run LocationTemplate Behavior [ RunTime:0.001795s ]
[ 2012-10-09T22:03:46+08:00 ] INFO: Tag[ view_template ] --END-- [ RunTime:0.002038s ]
[ 2012-10-09T22:03:46+08:00 ] INFO: Tag[ view_parse ] --START--
[ 2012-10-09T22:03:46+08:00 ] INFO: Run ParseTemplate Behavior [ RunTime:0.042800s ]
[ 2012-10-09T22:03:46+08:00 ] INFO: Tag[ view_parse ] --END-- [ RunTime:0.043045s ]
[ 2012-10-09T22:03:46+08:00 ] INFO: Tag[ view_filter ] --START--
[ 2012-10-09T22:03:46+08:00 ] INFO: Run ContentReplace Behavior [ RunTime:0.001447s ]
[ 2012-10-09T22:03:46+08:00 ] INFO: Run TokenBuild Behavior [ RunTime:0.001411s ]
[ 2012-10-09T22:03:46+08:00 ] INFO: Run WriteHtmlCache Behavior [ RunTime:0.000938s ]
[ 2012-10-09T22:03:46+08:00 ] INFO: Run ShowRuntime Behavior [ RunTime:0.001535s ]
[ 2012-10-09T22:03:46+08:00 ] INFO: Tag[ view_filter ] --END-- [ RunTime:0.005963s ]
[ 2012-10-09T22:03:46+08:00 ] INFO: Tag[ view_end ] --START--
[ 2012-10-09T22:03:46+08:00 ] INFO: Run ShowPageTrace Behavior [ RunTime:0.001511s ]
[ 2012-10-09T22:03:46+08:00 ] INFO: Tag[ view_end ] --END-- [ RunTime:0.001718s ]

------127.0.0.1 REQUEST_URI:/wb_Finance/Public/main------
[ 2012-10-09T22:03:46+08:00 ] INFO: Tag[ route_check ] --START--
[ 2012-10-09T22:03:46+08:00 ] INFO: Run CheckRoute Behavior [ RunTime:0.028149s ]
[ 2012-10-09T22:03:46+08:00 ] INFO: Tag[ route_check ] --END-- [ RunTime:0.028399s ]
[ 2012-10-09T22:03:46+08:00 ] NOTIC: [8] Undefined index: HTTP_X_REQUESTED_WITH App.class.php 第 50 行.
[ 2012-10-09T22:03:46+08:00 ] INFO: Tag[ app_begin ] --START--
[ 2012-10-09T22:03:46+08:00 ] INFO: Run ReadHtmlCache Behavior [ RunTime:0.001507s ]
[ 2012-10-09T22:03:46+08:00 ] INFO: Tag[ app_begin ] --END-- [ RunTime:0.001743s ]
[ 2012-10-09T22:03:46+08:00 ] INFO: Tag[ view_template ] --START--
[ 2012-10-09T22:03:46+08:00 ] INFO: Run LocationTemplate Behavior [ RunTime:0.001566s ]
[ 2012-10-09T22:03:46+08:00 ] INFO: Tag[ view_template ] --END-- [ RunTime:0.001829s ]
[ 2012-10-09T22:03:46+08:00 ] INFO: Tag[ view_parse ] --START--
[ 2012-10-09T22:03:46+08:00 ] INFO: Run ParseTemplate Behavior [ RunTime:0.016502s ]
[ 2012-10-09T22:03:46+08:00 ] INFO: Tag[ view_parse ] --END-- [ RunTime:0.016749s ]
[ 2012-10-09T22:03:46+08:00 ] INFO: Tag[ view_filter ] --START--
[ 2012-10-09T22:03:46+08:00 ] INFO: Run ContentReplace Behavior [ RunTime:0.001348s ]
[ 2012-10-09T22:03:46+08:00 ] INFO: Run TokenBuild Behavior [ RunTime:0.001425s ]
[ 2012-10-09T22:03:46+08:00 ] INFO: Run WriteHtmlCache Behavior [ RunTime:0.001051s ]
[ 2012-10-09T22:03:46+08:00 ] INFO: Run ShowRuntime Behavior [ RunTime:0.001641s ]
[ 2012-10-09T22:03:46+08:00 ] INFO: Tag[ view_filter ] --END-- [ RunTime:0.006119s ]
[ 2012-10-09T22:03:46+08:00 ] INFO: Tag[ view_end ] --START--
[ 2012-10-09T22:03:46+08:00 ] INFO: Run ShowPageTrace Behavior [ RunTime:0.001485s ]
[ 2012-10-09T22:03:46+08:00 ] INFO: Tag[ view_end ] --END-- [ RunTime:0.001696s ]

------127.0.0.1 REQUEST_URI:/wb_Finance/Public/footer------
[ 2012-10-09T22:03:46+08:00 ] INFO: Tag[ route_check ] --START--
[ 2012-10-09T22:03:46+08:00 ] INFO: Run CheckRoute Behavior [ RunTime:0.003057s ]
[ 2012-10-09T22:03:46+08:00 ] INFO: Tag[ route_check ] --END-- [ RunTime:0.003307s ]
[ 2012-10-09T22:03:46+08:00 ] NOTIC: [8] Undefined index: HTTP_X_REQUESTED_WITH App.class.php 第 50 行.
[ 2012-10-09T22:03:46+08:00 ] INFO: Tag[ app_begin ] --START--
[ 2012-10-09T22:03:46+08:00 ] INFO: Run ReadHtmlCache Behavior [ RunTime:0.001780s ]
[ 2012-10-09T22:03:46+08:00 ] INFO: Tag[ app_begin ] --END-- [ RunTime:0.002005s ]
[ 2012-10-09T22:03:46+08:00 ] INFO: Tag[ view_template ] --START--
[ 2012-10-09T22:03:46+08:00 ] INFO: Run LocationTemplate Behavior [ RunTime:0.002452s ]
[ 2012-10-09T22:03:46+08:00 ] INFO: Tag[ view_template ] --END-- [ RunTime:0.002705s ]
[ 2012-10-09T22:03:46+08:00 ] INFO: Tag[ view_parse ] --START--
[ 2012-10-09T22:03:46+08:00 ] INFO: Run ParseTemplate Behavior [ RunTime:0.018486s ]
[ 2012-10-09T22:03:46+08:00 ] INFO: Tag[ view_parse ] --END-- [ RunTime:0.018732s ]
[ 2012-10-09T22:03:46+08:00 ] INFO: Tag[ view_filter ] --START--
[ 2012-10-09T22:03:46+08:00 ] INFO: Run ContentReplace Behavior [ RunTime:0.001622s ]
[ 2012-10-09T22:03:46+08:00 ] INFO: Run TokenBuild Behavior [ RunTime:0.002529s ]
[ 2012-10-09T22:03:46+08:00 ] INFO: Run WriteHtmlCache Behavior [ RunTime:0.001195s ]
[ 2012-10-09T22:03:46+08:00 ] INFO: Run ShowRuntime Behavior [ RunTime:0.001849s ]
[ 2012-10-09T22:03:46+08:00 ] INFO: Tag[ view_filter ] --END-- [ RunTime:0.008205s ]
[ 2012-10-09T22:03:46+08:00 ] INFO: Tag[ view_end ] --START--
[ 2012-10-09T22:03:46+08:00 ] INFO: Run ShowPageTrace Behavior [ RunTime:0.001574s ]
[ 2012-10-09T22:03:46+08:00 ] INFO: Tag[ view_end ] --END-- [ RunTime:0.001857s ]

------127.0.0.1 REQUEST_URI:/wb_Finance/Main/expend------
[ 2012-10-09T22:03:46+08:00 ] INFO: Tag[ route_check ] --START--
[ 2012-10-09T22:03:46+08:00 ] INFO: Run CheckRoute Behavior [ RunTime:0.002895s ]
[ 2012-10-09T22:03:46+08:00 ] INFO: Tag[ route_check ] --END-- [ RunTime:0.003152s ]
[ 2012-10-09T22:03:46+08:00 ] NOTIC: [8] Undefined index: HTTP_X_REQUESTED_WITH App.class.php 第 50 行.
[ 2012-10-09T22:03:46+08:00 ] INFO: Tag[ app_begin ] --START--
[ 2012-10-09T22:03:46+08:00 ] INFO: Run ReadHtmlCache Behavior [ RunTime:0.002036s ]
[ 2012-10-09T22:03:46+08:00 ] INFO: Tag[ app_begin ] --END-- [ RunTime:0.002273s ]
[ 2012-10-09T22:03:46+08:00 ] SQL: SHOW COLUMNS FROM `wb_user` [ RunTime:0.007858s ]
[ 2012-10-09T22:03:46+08:00 ] SQL: SELECT * FROM `wb_user` WHERE name='www' LIMIT 1   [ RunTime:0.001271s ]
[ 2012-10-09T22:03:46+08:00 ] SQL: SHOW COLUMNS FROM `wb_bill` [ RunTime:0.008340s ]
[ 2012-10-09T22:03:46+08:00 ] SQL: SELECT * FROM `wb_bill` WHERE typeId=1&&userId=2  [ RunTime:0.001376s ]
[ 2012-10-09T22:03:46+08:00 ] SQL: SELECT COUNT(*) AS tp_count FROM `wb_bill` WHERE typeId=1&&userId=2 LIMIT 1   [ RunTime:0.001196s ]
[ 2012-10-09T22:03:46+08:00 ] SQL: SHOW COLUMNS FROM `wb_category` [ RunTime:0.008189s ]
[ 2012-10-09T22:03:46+08:00 ] SQL: SELECT * FROM `wb_category` WHERE typeId=1  [ RunTime:0.001277s ]
[ 2012-10-09T22:03:46+08:00 ] SQL: SELECT * FROM `wb_category` WHERE id=0 LIMIT 1   [ RunTime:0.001404s ]
[ 2012-10-09T22:03:46+08:00 ] SQL: SELECT * FROM `wb_category` WHERE id=0 LIMIT 1   [ RunTime:0.001232s ]
[ 2012-10-09T22:03:46+08:00 ] SQL: SELECT * FROM `wb_category` WHERE id=0 LIMIT 1   [ RunTime:0.001203s ]
[ 2012-10-09T22:03:46+08:00 ] SQL: SELECT * FROM `wb_category` WHERE id=0 LIMIT 1   [ RunTime:0.001211s ]
[ 2012-10-09T22:03:46+08:00 ] SQL: SELECT * FROM `wb_category` WHERE id=0 LIMIT 1   [ RunTime:0.001219s ]
[ 2012-10-09T22:03:46+08:00 ] SQL: SELECT * FROM `wb_category` WHERE id=0 LIMIT 1   [ RunTime:0.001541s ]
[ 2012-10-09T22:03:46+08:00 ] SQL: SELECT * FROM `wb_category` WHERE id=0 LIMIT 1   [ RunTime:0.001234s ]
[ 2012-10-09T22:03:46+08:00 ] SQL: SELECT * FROM `wb_category` WHERE id=0 LIMIT 1   [ RunTime:0.001270s ]
[ 2012-10-09T22:03:46+08:00 ] SQL: SELECT * FROM `wb_category` WHERE id=0 LIMIT 1   [ RunTime:0.001267s ]
[ 2012-10-09T22:03:46+08:00 ] SQL: SELECT * FROM `wb_category` WHERE id=0 LIMIT 1   [ RunTime:0.001342s ]
[ 2012-10-09T22:03:46+08:00 ] SQL: SELECT * FROM `wb_category` WHERE id=1 LIMIT 1   [ RunTime:0.002075s ]
[ 2012-10-09T22:03:46+08:00 ] SQL: SELECT * FROM `wb_category` WHERE id=0 LIMIT 1   [ RunTime:0.001222s ]
[ 2012-10-09T22:03:46+08:00 ] SQL: SELECT * FROM `wb_category` WHERE id=0 LIMIT 1   [ RunTime:0.001117s ]
[ 2012-10-09T22:03:46+08:00 ] SQL: SELECT * FROM `wb_category` WHERE id=0 LIMIT 1   [ RunTime:0.001325s ]
[ 2012-10-09T22:03:46+08:00 ] INFO: Tag[ view_template ] --START--
[ 2012-10-09T22:03:46+08:00 ] INFO: Run LocationTemplate Behavior [ RunTime:0.002377s ]
[ 2012-10-09T22:03:46+08:00 ] INFO: Tag[ view_template ] --END-- [ RunTime:0.002617s ]
[ 2012-10-09T22:03:46+08:00 ] INFO: Tag[ view_parse ] --START--
[ 2012-10-09T22:03:46+08:00 ] NOTIC: [8] Undefined variable: expendSearchList e6a905869079c42b048a6c428f91c3f8.php 第 87 行.
[ 2012-10-09T22:03:46+08:00 ] NOTIC: [8] Undefined variable: categoryList e6a905869079c42b048a6c428f91c3f8.php 第 115 行.
[ 2012-10-09T22:03:46+08:00 ] INFO: Run ParseTemplate Behavior [ RunTime:0.039674s ]
[ 2012-10-09T22:03:46+08:00 ] INFO: Tag[ view_parse ] --END-- [ RunTime:0.039905s ]
[ 2012-10-09T22:03:46+08:00 ] INFO: Tag[ view_filter ] --START--
[ 2012-10-09T22:03:46+08:00 ] INFO: Run ContentReplace Behavior [ RunTime:0.001866s ]
[ 2012-10-09T22:03:46+08:00 ] INFO: Run TokenBuild Behavior [ RunTime:0.002124s ]
[ 2012-10-09T22:03:46+08:00 ] INFO: Run WriteHtmlCache Behavior [ RunTime:0.001561s ]
[ 2012-10-09T22:03:46+08:00 ] INFO: Run ShowRuntime Behavior [ RunTime:0.002852s ]
[ 2012-10-09T22:03:46+08:00 ] INFO: Tag[ view_filter ] --END-- [ RunTime:0.010615s ]
[ 2012-10-09T22:03:46+08:00 ] INFO: Tag[ view_end ] --START--
[ 2012-10-09T22:03:46+08:00 ] INFO: Run ShowPageTrace Behavior [ RunTime:0.001790s ]
[ 2012-10-09T22:03:46+08:00 ] INFO: Tag[ view_end ] --END-- [ RunTime:0.002014s ]

------127.0.0.1 REQUEST_URI:/wb_Finance/Main/expend_column------
[ 2012-10-09T22:03:48+08:00 ] INFO: Tag[ route_check ] --START--
[ 2012-10-09T22:03:48+08:00 ] INFO: Run CheckRoute Behavior [ RunTime:0.001950s ]
[ 2012-10-09T22:03:48+08:00 ] INFO: Tag[ route_check ] --END-- [ RunTime:0.002179s ]
[ 2012-10-09T22:03:48+08:00 ] NOTIC: [8] Undefined index: HTTP_X_REQUESTED_WITH App.class.php 第 50 行.
[ 2012-10-09T22:03:48+08:00 ] INFO: Tag[ app_begin ] --START--
[ 2012-10-09T22:03:48+08:00 ] INFO: Run ReadHtmlCache Behavior [ RunTime:0.001692s ]
[ 2012-10-09T22:03:48+08:00 ] INFO: Tag[ app_begin ] --END-- [ RunTime:0.001917s ]
[ 2012-10-09T22:03:48+08:00 ] SQL: SHOW COLUMNS FROM `wb_bill` [ RunTime:0.006793s ]
[ 2012-10-09T22:03:48+08:00 ] SQL: SHOW COLUMNS FROM `wb_user` [ RunTime:0.006888s ]
[ 2012-10-09T22:03:48+08:00 ] SQL: SELECT * FROM `wb_user` WHERE name='www' LIMIT 1   [ RunTime:0.000818s ]
[ 2012-10-09T22:03:48+08:00 ] SQL: SELECT * FROM `wb_bill` WHERE year(time)=2012 and userId=2 and typeId=1  [ RunTime:0.000963s ]
[ 2012-10-09T22:03:48+08:00 ] NOTIC: [8] Undefined variable: data MainAction.class.php 第 183 行.
[ 2012-10-09T22:03:48+08:00 ] NOTIC: [8] Undefined offset: 10 MainAction.class.php 第 183 行.
[ 2012-10-09T22:03:48+08:00 ] NOTIC: [8] Undefined offset: 1 MainAction.class.php 第 183 行.
[ 2012-10-09T22:03:48+08:00 ] NOTIC: [8] Undefined offset: 2 MainAction.class.php 第 183 行.
[ 2012-10-09T22:03:48+08:00 ] NOTIC: [8] Undefined offset: 3 MainAction.class.php 第 183 行.
[ 2012-10-09T22:03:48+08:00 ] NOTIC: [8] Undefined offset: 4 MainAction.class.php 第 183 行.
[ 2012-10-09T22:03:48+08:00 ] NOTIC: [8] Undefined offset: 5 MainAction.class.php 第 183 行.
[ 2012-10-09T22:03:48+08:00 ] NOTIC: [8] Undefined offset: 6 MainAction.class.php 第 183 行.
[ 2012-10-09T22:03:48+08:00 ] NOTIC: [8] Undefined offset: 7 MainAction.class.php 第 183 行.
[ 2012-10-09T22:03:48+08:00 ] NOTIC: [8] Undefined offset: 8 MainAction.class.php 第 183 行.
[ 2012-10-09T22:03:48+08:00 ] NOTIC: [8] Undefined offset: 9 MainAction.class.php 第 183 行.
[ 2012-10-09T22:03:48+08:00 ] NOTIC: [8] Undefined offset: 11 MainAction.class.php 第 183 行.
[ 2012-10-09T22:03:48+08:00 ] NOTIC: [8] Undefined offset: 12 MainAction.class.php 第 183 行.
[ 2012-10-09T22:03:48+08:00 ] INFO: Tag[ view_template ] --START--
[ 2012-10-09T22:03:48+08:00 ] INFO: Run LocationTemplate Behavior [ RunTime:0.001751s ]
[ 2012-10-09T22:03:48+08:00 ] INFO: Tag[ view_template ] --END-- [ RunTime:0.001966s ]
[ 2012-10-09T22:03:48+08:00 ] INFO: Tag[ view_parse ] --START--
[ 2012-10-09T22:03:48+08:00 ] INFO: Run ParseTemplate Behavior [ RunTime:0.018572s ]
[ 2012-10-09T22:03:48+08:00 ] INFO: Tag[ view_parse ] --END-- [ RunTime:0.018794s ]
[ 2012-10-09T22:03:48+08:00 ] INFO: Tag[ view_filter ] --START--
[ 2012-10-09T22:03:48+08:00 ] INFO: Run ContentReplace Behavior [ RunTime:0.001091s ]
[ 2012-10-09T22:03:48+08:00 ] INFO: Run TokenBuild Behavior [ RunTime:0.001354s ]
[ 2012-10-09T22:03:48+08:00 ] INFO: Run WriteHtmlCache Behavior [ RunTime:0.000832s ]
[ 2012-10-09T22:03:48+08:00 ] INFO: Run ShowRuntime Behavior [ RunTime:0.001387s ]
[ 2012-10-09T22:03:48+08:00 ] INFO: Tag[ view_filter ] --END-- [ RunTime:0.005255s ]
[ 2012-10-09T22:03:48+08:00 ] INFO: Tag[ view_end ] --START--
[ 2012-10-09T22:03:48+08:00 ] INFO: Run ShowPageTrace Behavior [ RunTime:0.001603s ]
[ 2012-10-09T22:03:48+08:00 ] INFO: Tag[ view_end ] --END-- [ RunTime:0.001814s ]

------127.0.0.1 REQUEST_URI:/wb_Finance/Login/login------
[ 2012-10-09T22:03:53+08:00 ] INFO: Tag[ route_check ] --START--
[ 2012-10-09T22:03:53+08:00 ] INFO: Run CheckRoute Behavior [ RunTime:0.001771s ]
[ 2012-10-09T22:03:53+08:00 ] INFO: Tag[ route_check ] --END-- [ RunTime:0.001997s ]
[ 2012-10-09T22:03:53+08:00 ] NOTIC: [8] Undefined index: HTTP_X_REQUESTED_WITH App.class.php 第 50 行.
[ 2012-10-09T22:03:53+08:00 ] INFO: Tag[ app_begin ] --START--
[ 2012-10-09T22:03:53+08:00 ] INFO: Run ReadHtmlCache Behavior [ RunTime:0.001458s ]
[ 2012-10-09T22:03:53+08:00 ] INFO: Tag[ app_begin ] --END-- [ RunTime:0.001713s ]
[ 2012-10-09T22:03:53+08:00 ] INFO: Tag[ view_template ] --START--
[ 2012-10-09T22:03:53+08:00 ] INFO: Run LocationTemplate Behavior [ RunTime:0.001637s ]
[ 2012-10-09T22:03:53+08:00 ] INFO: Tag[ view_template ] --END-- [ RunTime:0.001966s ]
[ 2012-10-09T22:03:53+08:00 ] INFO: Tag[ view_parse ] --START--
[ 2012-10-09T22:03:53+08:00 ] NOTIC: [8] Undefined variable: msg a6fa9a93c472a123a4b2592c9a9ec5ca.php 第 14 行.
[ 2012-10-09T22:03:53+08:00 ] NOTIC: [8] Undefined variable: name a6fa9a93c472a123a4b2592c9a9ec5ca.php 第 18 行.
[ 2012-10-09T22:03:53+08:00 ] NOTIC: [8] Undefined variable: pwd a6fa9a93c472a123a4b2592c9a9ec5ca.php 第 19 行.
[ 2012-10-09T22:03:53+08:00 ] INFO: Run ParseTemplate Behavior [ RunTime:0.016179s ]
[ 2012-10-09T22:03:53+08:00 ] INFO: Tag[ view_parse ] --END-- [ RunTime:0.016539s ]
[ 2012-10-09T22:03:53+08:00 ] INFO: Tag[ view_filter ] --START--
[ 2012-10-09T22:03:53+08:00 ] INFO: Run ContentReplace Behavior [ RunTime:0.001455s ]
[ 2012-10-09T22:03:53+08:00 ] INFO: Run TokenBuild Behavior [ RunTime:0.001515s ]
[ 2012-10-09T22:03:53+08:00 ] INFO: Run WriteHtmlCache Behavior [ RunTime:0.000846s ]
[ 2012-10-09T22:03:53+08:00 ] INFO: Run ShowRuntime Behavior [ RunTime:0.001777s ]
[ 2012-10-09T22:03:53+08:00 ] INFO: Tag[ view_filter ] --END-- [ RunTime:0.008788s ]
[ 2012-10-09T22:03:53+08:00 ] INFO: Tag[ view_end ] --START--
[ 2012-10-09T22:03:53+08:00 ] INFO: Run ShowPageTrace Behavior [ RunTime:0.001402s ]
[ 2012-10-09T22:03:53+08:00 ] INFO: Tag[ view_end ] --END-- [ RunTime:0.001613s ]

------127.0.0.1 REQUEST_URI:/wb_Finance/Index/index------
[ 2012-10-09T22:03:56+08:00 ] INFO: Tag[ route_check ] --START--
[ 2012-10-09T22:03:56+08:00 ] INFO: Run CheckRoute Behavior [ RunTime:0.001838s ]
[ 2012-10-09T22:03:56+08:00 ] INFO: Tag[ route_check ] --END-- [ RunTime:0.002081s ]
[ 2012-10-09T22:03:56+08:00 ] NOTIC: [8] Undefined index: HTTP_X_REQUESTED_WITH App.class.php 第 50 行.
[ 2012-10-09T22:03:56+08:00 ] INFO: Tag[ app_begin ] --START--
[ 2012-10-09T22:03:56+08:00 ] INFO: Run ReadHtmlCache Behavior [ RunTime:0.001584s ]
[ 2012-10-09T22:03:56+08:00 ] INFO: Tag[ app_begin ] --END-- [ RunTime:0.001789s ]
[ 2012-10-09T22:03:56+08:00 ] INFO: Tag[ view_template ] --START--
[ 2012-10-09T22:03:56+08:00 ] INFO: Run LocationTemplate Behavior [ RunTime:0.001485s ]
[ 2012-10-09T22:03:56+08:00 ] INFO: Tag[ view_template ] --END-- [ RunTime:0.001703s ]
[ 2012-10-09T22:03:56+08:00 ] INFO: Tag[ view_parse ] --START--
[ 2012-10-09T22:03:56+08:00 ] INFO: Run ParseTemplate Behavior [ RunTime:0.014968s ]
[ 2012-10-09T22:03:56+08:00 ] INFO: Tag[ view_parse ] --END-- [ RunTime:0.015204s ]
[ 2012-10-09T22:03:56+08:00 ] INFO: Tag[ view_filter ] --START--
[ 2012-10-09T22:03:56+08:00 ] INFO: Run ContentReplace Behavior [ RunTime:0.001241s ]
[ 2012-10-09T22:03:56+08:00 ] INFO: Run TokenBuild Behavior [ RunTime:0.001427s ]
[ 2012-10-09T22:03:56+08:00 ] INFO: Run WriteHtmlCache Behavior [ RunTime:0.001030s ]
[ 2012-10-09T22:03:56+08:00 ] INFO: Run ShowRuntime Behavior [ RunTime:0.001563s ]
[ 2012-10-09T22:03:56+08:00 ] INFO: Tag[ view_filter ] --END-- [ RunTime:0.005903s ]
[ 2012-10-09T22:03:56+08:00 ] INFO: Tag[ view_end ] --START--
[ 2012-10-09T22:03:56+08:00 ] INFO: Run ShowPageTrace Behavior [ RunTime:0.001532s ]
[ 2012-10-09T22:03:56+08:00 ] INFO: Tag[ view_end ] --END-- [ RunTime:0.001765s ]

------127.0.0.1 REQUEST_URI:/wb_Finance/Public/top------
[ 2012-10-09T22:03:56+08:00 ] INFO: Tag[ route_check ] --START--
[ 2012-10-09T22:03:57+08:00 ] INFO: Run CheckRoute Behavior [ RunTime:0.024393s ]
[ 2012-10-09T22:03:57+08:00 ] INFO: Tag[ route_check ] --END-- [ RunTime:0.026580s ]
[ 2012-10-09T22:03:57+08:00 ] NOTIC: [8] Undefined index: HTTP_X_REQUESTED_WITH App.class.php 第 50 行.
[ 2012-10-09T22:03:57+08:00 ] INFO: Tag[ app_begin ] --START--
[ 2012-10-09T22:03:57+08:00 ] INFO: Run ReadHtmlCache Behavior [ RunTime:0.007850s ]
[ 2012-10-09T22:03:57+08:00 ] INFO: Tag[ app_begin ] --END-- [ RunTime:0.008084s ]
[ 2012-10-09T22:03:57+08:00 ] INFO: Tag[ view_template ] --START--
[ 2012-10-09T22:03:57+08:00 ] INFO: Run LocationTemplate Behavior [ RunTime:0.001891s ]
[ 2012-10-09T22:03:57+08:00 ] INFO: Tag[ view_template ] --END-- [ RunTime:0.002137s ]
[ 2012-10-09T22:03:57+08:00 ] INFO: Tag[ view_parse ] --START--
[ 2012-10-09T22:03:57+08:00 ] INFO: Run ParseTemplate Behavior [ RunTime:0.017050s ]
[ 2012-10-09T22:03:57+08:00 ] INFO: Tag[ view_parse ] --END-- [ RunTime:0.017311s ]
[ 2012-10-09T22:03:57+08:00 ] INFO: Tag[ view_filter ] --START--
[ 2012-10-09T22:03:57+08:00 ] INFO: Run ContentReplace Behavior [ RunTime:0.001341s ]
[ 2012-10-09T22:03:57+08:00 ] INFO: Run TokenBuild Behavior [ RunTime:0.001302s ]
[ 2012-10-09T22:03:57+08:00 ] INFO: Run WriteHtmlCache Behavior [ RunTime:0.001335s ]
[ 2012-10-09T22:03:57+08:00 ] INFO: Run ShowRuntime Behavior [ RunTime:0.001440s ]
[ 2012-10-09T22:03:57+08:00 ] INFO: Tag[ view_filter ] --END-- [ RunTime:0.006053s ]
[ 2012-10-09T22:03:57+08:00 ] INFO: Tag[ view_end ] --START--
[ 2012-10-09T22:03:57+08:00 ] INFO: Run ShowPageTrace Behavior [ RunTime:0.001145s ]
[ 2012-10-09T22:03:57+08:00 ] INFO: Tag[ view_end ] --END-- [ RunTime:0.001345s ]

------127.0.0.1 REQUEST_URI:/wb_Finance/Public/main------
[ 2012-10-09T22:03:57+08:00 ] INFO: Tag[ route_check ] --START--
[ 2012-10-09T22:03:57+08:00 ] INFO: Run CheckRoute Behavior [ RunTime:0.003268s ]
[ 2012-10-09T22:03:57+08:00 ] INFO: Tag[ route_check ] --END-- [ RunTime:0.003527s ]
[ 2012-10-09T22:03:57+08:00 ] NOTIC: [8] Undefined index: HTTP_X_REQUESTED_WITH App.class.php 第 50 行.
[ 2012-10-09T22:03:57+08:00 ] INFO: Tag[ app_begin ] --START--
[ 2012-10-09T22:03:57+08:00 ] INFO: Run ReadHtmlCache Behavior [ RunTime:0.005903s ]
[ 2012-10-09T22:03:57+08:00 ] INFO: Tag[ app_begin ] --END-- [ RunTime:0.006120s ]
[ 2012-10-09T22:03:57+08:00 ] INFO: Tag[ view_template ] --START--
[ 2012-10-09T22:03:57+08:00 ] INFO: Run LocationTemplate Behavior [ RunTime:0.004653s ]
[ 2012-10-09T22:03:57+08:00 ] INFO: Tag[ view_template ] --END-- [ RunTime:0.004915s ]
[ 2012-10-09T22:03:57+08:00 ] INFO: Tag[ view_parse ] --START--
[ 2012-10-09T22:03:57+08:00 ] INFO: Run ParseTemplate Behavior [ RunTime:0.016320s ]
[ 2012-10-09T22:03:57+08:00 ] INFO: Tag[ view_parse ] --END-- [ RunTime:0.016575s ]
[ 2012-10-09T22:03:57+08:00 ] INFO: Tag[ view_filter ] --START--
[ 2012-10-09T22:03:57+08:00 ] INFO: Run ContentReplace Behavior [ RunTime:0.001343s ]
[ 2012-10-09T22:03:57+08:00 ] INFO: Run TokenBuild Behavior [ RunTime:0.001532s ]
[ 2012-10-09T22:03:57+08:00 ] INFO: Run WriteHtmlCache Behavior [ RunTime:0.001107s ]
[ 2012-10-09T22:03:57+08:00 ] INFO: Run ShowRuntime Behavior [ RunTime:0.001933s ]
[ 2012-10-09T22:03:57+08:00 ] INFO: Tag[ view_filter ] --END-- [ RunTime:0.006748s ]
[ 2012-10-09T22:03:57+08:00 ] INFO: Tag[ view_end ] --START--
[ 2012-10-09T22:03:57+08:00 ] INFO: Run ShowPageTrace Behavior [ RunTime:0.001176s ]
[ 2012-10-09T22:03:57+08:00 ] INFO: Tag[ view_end ] --END-- [ RunTime:0.001383s ]

------127.0.0.1 REQUEST_URI:/wb_Finance/Public/nav------
[ 2012-10-09T22:03:57+08:00 ] INFO: Tag[ route_check ] --START--
[ 2012-10-09T22:03:57+08:00 ] INFO: Run CheckRoute Behavior [ RunTime:0.003328s ]
[ 2012-10-09T22:03:57+08:00 ] INFO: Tag[ route_check ] --END-- [ RunTime:0.003583s ]
[ 2012-10-09T22:03:57+08:00 ] NOTIC: [8] Undefined index: HTTP_X_REQUESTED_WITH App.class.php 第 50 行.
[ 2012-10-09T22:03:57+08:00 ] INFO: Tag[ app_begin ] --START--
[ 2012-10-09T22:03:57+08:00 ] INFO: Run ReadHtmlCache Behavior [ RunTime:0.001887s ]
[ 2012-10-09T22:03:57+08:00 ] INFO: Tag[ app_begin ] --END-- [ RunTime:0.002115s ]
[ 2012-10-09T22:03:57+08:00 ] INFO: Tag[ view_template ] --START--
[ 2012-10-09T22:03:57+08:00 ] INFO: Run LocationTemplate Behavior [ RunTime:0.001495s ]
[ 2012-10-09T22:03:57+08:00 ] INFO: Tag[ view_template ] --END-- [ RunTime:0.001755s ]
[ 2012-10-09T22:03:57+08:00 ] INFO: Tag[ view_parse ] --START--
[ 2012-10-09T22:03:57+08:00 ] INFO: Run ParseTemplate Behavior [ RunTime:0.020446s ]
[ 2012-10-09T22:03:57+08:00 ] INFO: Tag[ view_parse ] --END-- [ RunTime:0.020699s ]
[ 2012-10-09T22:03:57+08:00 ] INFO: Tag[ view_filter ] --START--
[ 2012-10-09T22:03:57+08:00 ] INFO: Run ContentReplace Behavior [ RunTime:0.002380s ]
[ 2012-10-09T22:03:57+08:00 ] INFO: Run TokenBuild Behavior [ RunTime:0.001366s ]
[ 2012-10-09T22:03:57+08:00 ] INFO: Run WriteHtmlCache Behavior [ RunTime:0.000981s ]
[ 2012-10-09T22:03:57+08:00 ] INFO: Run ShowRuntime Behavior [ RunTime:0.006595s ]
[ 2012-10-09T22:03:57+08:00 ] INFO: Tag[ view_filter ] --END-- [ RunTime:0.012010s ]
[ 2012-10-09T22:03:57+08:00 ] INFO: Tag[ view_end ] --START--
[ 2012-10-09T22:03:57+08:00 ] INFO: Run ShowPageTrace Behavior [ RunTime:0.001331s ]
[ 2012-10-09T22:03:57+08:00 ] INFO: Tag[ view_end ] --END-- [ RunTime:0.001569s ]

------127.0.0.1 REQUEST_URI:/wb_Finance/Public/footer------
[ 2012-10-09T22:03:57+08:00 ] INFO: Tag[ route_check ] --START--
[ 2012-10-09T22:03:57+08:00 ] INFO: Run CheckRoute Behavior [ RunTime:0.001876s ]
[ 2012-10-09T22:03:57+08:00 ] INFO: Tag[ route_check ] --END-- [ RunTime:0.002118s ]
[ 2012-10-09T22:03:57+08:00 ] NOTIC: [8] Undefined index: HTTP_X_REQUESTED_WITH App.class.php 第 50 行.
[ 2012-10-09T22:03:57+08:00 ] INFO: Tag[ app_begin ] --START--
[ 2012-10-09T22:03:57+08:00 ] INFO: Run ReadHtmlCache Behavior [ RunTime:0.003969s ]
[ 2012-10-09T22:03:57+08:00 ] INFO: Tag[ app_begin ] --END-- [ RunTime:0.004199s ]
[ 2012-10-09T22:03:57+08:00 ] INFO: Tag[ view_template ] --START--
[ 2012-10-09T22:03:57+08:00 ] INFO: Run LocationTemplate Behavior [ RunTime:0.003029s ]
[ 2012-10-09T22:03:57+08:00 ] INFO: Tag[ view_template ] --END-- [ RunTime:0.003277s ]
[ 2012-10-09T22:03:57+08:00 ] INFO: Tag[ view_parse ] --START--
[ 2012-10-09T22:03:57+08:00 ] INFO: Run ParseTemplate Behavior [ RunTime:0.017394s ]
[ 2012-10-09T22:03:57+08:00 ] INFO: Tag[ view_parse ] --END-- [ RunTime:0.017637s ]
[ 2012-10-09T22:03:57+08:00 ] INFO: Tag[ view_filter ] --START--
[ 2012-10-09T22:03:57+08:00 ] INFO: Run ContentReplace Behavior [ RunTime:0.001985s ]
[ 2012-10-09T22:03:57+08:00 ] INFO: Run TokenBuild Behavior [ RunTime:0.001633s ]
[ 2012-10-09T22:03:57+08:00 ] INFO: Run WriteHtmlCache Behavior [ RunTime:0.001228s ]
[ 2012-10-09T22:03:57+08:00 ] INFO: Run ShowRuntime Behavior [ RunTime:0.001877s ]
[ 2012-10-09T22:03:57+08:00 ] INFO: Tag[ view_filter ] --END-- [ RunTime:0.007606s ]
[ 2012-10-09T22:03:57+08:00 ] INFO: Tag[ view_end ] --START--
[ 2012-10-09T22:03:57+08:00 ] INFO: Run ShowPageTrace Behavior [ RunTime:0.001669s ]
[ 2012-10-09T22:03:57+08:00 ] INFO: Tag[ view_end ] --END-- [ RunTime:0.001905s ]

------127.0.0.1 REQUEST_URI:/wb_Finance/Main/expend------
[ 2012-10-09T22:03:57+08:00 ] INFO: Tag[ route_check ] --START--
[ 2012-10-09T22:03:57+08:00 ] INFO: Run CheckRoute Behavior [ RunTime:0.001839s ]
[ 2012-10-09T22:03:57+08:00 ] INFO: Tag[ route_check ] --END-- [ RunTime:0.002094s ]
[ 2012-10-09T22:03:57+08:00 ] NOTIC: [8] Undefined index: HTTP_X_REQUESTED_WITH App.class.php 第 50 行.
[ 2012-10-09T22:03:57+08:00 ] INFO: Tag[ app_begin ] --START--
[ 2012-10-09T22:03:57+08:00 ] INFO: Run ReadHtmlCache Behavior [ RunTime:0.002370s ]
[ 2012-10-09T22:03:57+08:00 ] INFO: Tag[ app_begin ] --END-- [ RunTime:0.002600s ]
[ 2012-10-09T22:03:57+08:00 ] SQL: SHOW COLUMNS FROM `wb_user` [ RunTime:0.009877s ]
[ 2012-10-09T22:03:57+08:00 ] SQL: SELECT * FROM `wb_user` WHERE name='www' LIMIT 1   [ RunTime:0.001392s ]
[ 2012-10-09T22:03:57+08:00 ] SQL: SHOW COLUMNS FROM `wb_bill` [ RunTime:0.013279s ]
[ 2012-10-09T22:03:57+08:00 ] SQL: SELECT * FROM `wb_bill` WHERE typeId=1&&userId=2  [ RunTime:0.012008s ]
[ 2012-10-09T22:03:57+08:00 ] SQL: SELECT COUNT(*) AS tp_count FROM `wb_bill` WHERE typeId=1&&userId=2 LIMIT 1   [ RunTime:0.001552s ]
[ 2012-10-09T22:03:57+08:00 ] SQL: SHOW COLUMNS FROM `wb_category` [ RunTime:0.008405s ]
[ 2012-10-09T22:03:57+08:00 ] SQL: SELECT * FROM `wb_category` WHERE typeId=1  [ RunTime:0.001484s ]
[ 2012-10-09T22:03:57+08:00 ] SQL: SELECT * FROM `wb_category` WHERE id=0 LIMIT 1   [ RunTime:0.001588s ]
[ 2012-10-09T22:03:57+08:00 ] SQL: SELECT * FROM `wb_category` WHERE id=0 LIMIT 1   [ RunTime:0.001485s ]
[ 2012-10-09T22:03:57+08:00 ] SQL: SELECT * FROM `wb_category` WHERE id=0 LIMIT 1   [ RunTime:0.001064s ]
[ 2012-10-09T22:03:57+08:00 ] SQL: SELECT * FROM `wb_category` WHERE id=0 LIMIT 1   [ RunTime:0.001062s ]
[ 2012-10-09T22:03:57+08:00 ] SQL: SELECT * FROM `wb_category` WHERE id=0 LIMIT 1   [ RunTime:0.001232s ]
[ 2012-10-09T22:03:57+08:00 ] SQL: SELECT * FROM `wb_category` WHERE id=0 LIMIT 1   [ RunTime:0.001092s ]
[ 2012-10-09T22:03:57+08:00 ] SQL: SELECT * FROM `wb_category` WHERE id=0 LIMIT 1   [ RunTime:0.001071s ]
[ 2012-10-09T22:03:57+08:00 ] SQL: SELECT * FROM `wb_category` WHERE id=0 LIMIT 1   [ RunTime:0.001179s ]
[ 2012-10-09T22:03:57+08:00 ] SQL: SELECT * FROM `wb_category` WHERE id=0 LIMIT 1   [ RunTime:0.001193s ]
[ 2012-10-09T22:03:57+08:00 ] SQL: SELECT * FROM `wb_category` WHERE id=0 LIMIT 1   [ RunTime:0.001127s ]
[ 2012-10-09T22:03:57+08:00 ] SQL: SELECT * FROM `wb_category` WHERE id=1 LIMIT 1   [ RunTime:0.001354s ]
[ 2012-10-09T22:03:57+08:00 ] SQL: SELECT * FROM `wb_category` WHERE id=0 LIMIT 1   [ RunTime:0.001110s ]
[ 2012-10-09T22:03:57+08:00 ] SQL: SELECT * FROM `wb_category` WHERE id=0 LIMIT 1   [ RunTime:0.001113s ]
[ 2012-10-09T22:03:57+08:00 ] SQL: SELECT * FROM `wb_category` WHERE id=0 LIMIT 1   [ RunTime:0.001120s ]
[ 2012-10-09T22:03:57+08:00 ] INFO: Tag[ view_template ] --START--
[ 2012-10-09T22:03:57+08:00 ] INFO: Run LocationTemplate Behavior [ RunTime:0.001451s ]
[ 2012-10-09T22:03:57+08:00 ] INFO: Tag[ view_template ] --END-- [ RunTime:0.001708s ]
[ 2012-10-09T22:03:57+08:00 ] INFO: Tag[ view_parse ] --START--
[ 2012-10-09T22:03:57+08:00 ] NOTIC: [8] Undefined variable: expendSearchList e6a905869079c42b048a6c428f91c3f8.php 第 87 行.
[ 2012-10-09T22:03:57+08:00 ] NOTIC: [8] Undefined variable: categoryList e6a905869079c42b048a6c428f91c3f8.php 第 115 行.
[ 2012-10-09T22:03:57+08:00 ] INFO: Run ParseTemplate Behavior [ RunTime:0.036586s ]
[ 2012-10-09T22:03:57+08:00 ] INFO: Tag[ view_parse ] --END-- [ RunTime:0.036905s ]
[ 2012-10-09T22:03:57+08:00 ] INFO: Tag[ view_filter ] --START--
[ 2012-10-09T22:03:57+08:00 ] INFO: Run ContentReplace Behavior [ RunTime:0.001449s ]
[ 2012-10-09T22:03:57+08:00 ] INFO: Run TokenBuild Behavior [ RunTime:0.001745s ]
[ 2012-10-09T22:03:57+08:00 ] INFO: Run WriteHtmlCache Behavior [ RunTime:0.001213s ]
[ 2012-10-09T22:03:57+08:00 ] INFO: Run ShowRuntime Behavior [ RunTime:0.001776s ]
[ 2012-10-09T22:03:57+08:00 ] INFO: Tag[ view_filter ] --END-- [ RunTime:0.006849s ]
[ 2012-10-09T22:03:57+08:00 ] INFO: Tag[ view_end ] --START--
[ 2012-10-09T22:03:57+08:00 ] INFO: Run ShowPageTrace Behavior [ RunTime:0.001518s ]
[ 2012-10-09T22:03:57+08:00 ] INFO: Tag[ view_end ] --END-- [ RunTime:0.001753s ]

------127.0.0.1 REQUEST_URI:/wb_Finance/Main/expend_column------
[ 2012-10-09T22:03:58+08:00 ] INFO: Tag[ route_check ] --START--
[ 2012-10-09T22:03:58+08:00 ] INFO: Run CheckRoute Behavior [ RunTime:0.002076s ]
[ 2012-10-09T22:03:58+08:00 ] INFO: Tag[ route_check ] --END-- [ RunTime:0.002345s ]
[ 2012-10-09T22:03:58+08:00 ] NOTIC: [8] Undefined index: HTTP_X_REQUESTED_WITH App.class.php 第 50 行.
[ 2012-10-09T22:03:58+08:00 ] INFO: Tag[ app_begin ] --START--
[ 2012-10-09T22:03:58+08:00 ] INFO: Run ReadHtmlCache Behavior [ RunTime:0.001845s ]
[ 2012-10-09T22:03:58+08:00 ] INFO: Tag[ app_begin ] --END-- [ RunTime:0.002076s ]
[ 2012-10-09T22:03:58+08:00 ] SQL: SHOW COLUMNS FROM `wb_bill` [ RunTime:0.008796s ]
[ 2012-10-09T22:03:58+08:00 ] SQL: SHOW COLUMNS FROM `wb_user` [ RunTime:0.008872s ]
[ 2012-10-09T22:03:58+08:00 ] SQL: SELECT * FROM `wb_user` WHERE name='www' LIMIT 1   [ RunTime:0.001484s ]
[ 2012-10-09T22:03:58+08:00 ] SQL: SELECT * FROM `wb_bill` WHERE year(time)=2012 and userId=2 and typeId=1  [ RunTime:0.001510s ]
[ 2012-10-09T22:03:58+08:00 ] NOTIC: [8] Undefined variable: data MainAction.class.php 第 183 行.
[ 2012-10-09T22:03:58+08:00 ] NOTIC: [8] Undefined offset: 10 MainAction.class.php 第 183 行.
[ 2012-10-09T22:03:58+08:00 ] NOTIC: [8] Undefined offset: 1 MainAction.class.php 第 183 行.
[ 2012-10-09T22:03:58+08:00 ] NOTIC: [8] Undefined offset: 2 MainAction.class.php 第 183 行.
[ 2012-10-09T22:03:58+08:00 ] NOTIC: [8] Undefined offset: 3 MainAction.class.php 第 183 行.
[ 2012-10-09T22:03:58+08:00 ] NOTIC: [8] Undefined offset: 4 MainAction.class.php 第 183 行.
[ 2012-10-09T22:03:58+08:00 ] NOTIC: [8] Undefined offset: 5 MainAction.class.php 第 183 行.
[ 2012-10-09T22:03:58+08:00 ] NOTIC: [8] Undefined offset: 6 MainAction.class.php 第 183 行.
[ 2012-10-09T22:03:58+08:00 ] NOTIC: [8] Undefined offset: 7 MainAction.class.php 第 183 行.
[ 2012-10-09T22:03:58+08:00 ] NOTIC: [8] Undefined offset: 8 MainAction.class.php 第 183 行.
[ 2012-10-09T22:03:58+08:00 ] NOTIC: [8] Undefined offset: 9 MainAction.class.php 第 183 行.
[ 2012-10-09T22:03:58+08:00 ] NOTIC: [8] Undefined offset: 11 MainAction.class.php 第 183 行.
[ 2012-10-09T22:03:58+08:00 ] NOTIC: [8] Undefined offset: 12 MainAction.class.php 第 183 行.
[ 2012-10-09T22:03:58+08:00 ] INFO: Tag[ view_template ] --START--
[ 2012-10-09T22:03:58+08:00 ] INFO: Run LocationTemplate Behavior [ RunTime:0.002037s ]
[ 2012-10-09T22:03:58+08:00 ] INFO: Tag[ view_template ] --END-- [ RunTime:0.002272s ]
[ 2012-10-09T22:03:58+08:00 ] INFO: Tag[ view_parse ] --START--
[ 2012-10-09T22:03:58+08:00 ] INFO: Run ParseTemplate Behavior [ RunTime:0.018832s ]
[ 2012-10-09T22:03:58+08:00 ] INFO: Tag[ view_parse ] --END-- [ RunTime:0.019073s ]
[ 2012-10-09T22:03:58+08:00 ] INFO: Tag[ view_filter ] --START--
[ 2012-10-09T22:03:58+08:00 ] INFO: Run ContentReplace Behavior [ RunTime:0.001307s ]
[ 2012-10-09T22:03:58+08:00 ] INFO: Run TokenBuild Behavior [ RunTime:0.001598s ]
[ 2012-10-09T22:03:58+08:00 ] INFO: Run WriteHtmlCache Behavior [ RunTime:0.001218s ]
[ 2012-10-09T22:03:58+08:00 ] INFO: Run ShowRuntime Behavior [ RunTime:0.001630s ]
[ 2012-10-09T22:03:58+08:00 ] INFO: Tag[ view_filter ] --END-- [ RunTime:0.006404s ]
[ 2012-10-09T22:03:58+08:00 ] INFO: Tag[ view_end ] --START--
[ 2012-10-09T22:03:58+08:00 ] INFO: Run ShowPageTrace Behavior [ RunTime:0.001436s ]
[ 2012-10-09T22:03:58+08:00 ] INFO: Tag[ view_end ] --END-- [ RunTime:0.001662s ]

